#
# There is insufficient memory for the Java Runtime Environment to continue.
# Native memory allocation (malloc) failed to allocate 826176 bytes for Chunk::new
# Possible reasons:
#   The system is out of physical RAM or swap space
#   In 32 bit mode, the process size limit was hit
# Possible solutions:
#   Reduce memory load on the system
#   Increase physical memory or swap space
#   Check if swap backing store is full
#   Use 64 bit Java on a 64 bit OS
#   Decrease Java heap size (-Xmx/-Xms)
#   Decrease number of Java threads
#   Decrease Java thread stack sizes (-Xss)
#   Set larger code cache with -XX:ReservedCodeCacheSize=
# This output file may be truncated or incomplete.
#
#  Out of Memory Error (allocation.cpp:390), pid=22896, tid=0x00000000000090a8
#
# JRE version: OpenJDK Runtime Environment (8.0_152-b01) (build 1.8.0_152-release-915-b01)
# Java VM: OpenJDK 64-Bit Server VM (25.152-b01 mixed mode windows-amd64 compressed oops)
# Failed to write core dump. Minidumps are not enabled by default on client versions of Windows
#

---------------  T H R E A D  ---------------

Current thread (0x0000000017411000):  JavaThread "C2 CompilerThread0" daemon [_thread_in_native, id=37032, stack(0x0000000019770000,0x0000000019870000)]

Stack: [0x0000000019770000,0x0000000019870000]
[error occurred during error reporting (printing stack bounds), id 0xc0000005]

Native frames: (J=compiled Java code, j=interpreted, Vv=VM code, C=native code)


Current CompileTask:
C2:   1313  886       4       org.objectweb.asm.ClassReader::a (3587 bytes)


---------------  P R O C E S S  ---------------

Java Threads: ( => current thread )
  0x00000000174af800 JavaThread "Service Thread" daemon [_thread_blocked, id=35868, stack(0x0000000019b70000,0x0000000019c70000)]
  0x0000000017423000 JavaThread "C1 CompilerThread3" daemon [_thread_in_native, id=36908, stack(0x0000000019a70000,0x0000000019b70000)]
  0x0000000017419800 JavaThread "C2 CompilerThread2" daemon [_thread_blocked, id=35060, stack(0x0000000019970000,0x0000000019a70000)]
  0x0000000017418000 JavaThread "C2 CompilerThread1" daemon [_thread_blocked, id=36456, stack(0x0000000019870000,0x0000000019970000)]
=>0x0000000017411000 JavaThread "C2 CompilerThread0" daemon [_thread_in_native, id=37032, stack(0x0000000019770000,0x0000000019870000)]
  0x00000000173bb000 JavaThread "Attach Listener" daemon [_thread_blocked, id=38704, stack(0x0000000019670000,0x0000000019770000)]
  0x0000000017410800 JavaThread "Signal Dispatcher" daemon [_thread_blocked, id=20876, stack(0x0000000019570000,0x0000000019670000)]
  0x00000000173a0800 JavaThread "Finalizer" daemon [_thread_blocked, id=38484, stack(0x0000000017780000,0x0000000017880000)]
  0x0000000004cd9800 JavaThread "Reference Handler" daemon [_thread_blocked, id=38552, stack(0x0000000017280000,0x0000000017380000)]
  0x0000000004be4800 JavaThread "main" [_thread_in_Java, id=36924, stack(0x0000000004ae0000,0x0000000004be0000)]

Other Threads:
  0x0000000015487000 VMThread [stack: 0x0000000017180000,0x0000000017280000] [id=35416]
  0x00000000174b0000 WatcherThread [stack: 0x0000000019c70000,0x0000000019d70000] [id=38184]

VM state:not at safepoint (normal execution)

VM Mutex/Monitor currently owned by a thread:  ([mutex/lock_event])
[0x0000000004be2760] CompileStatistics_lock - owner thread: 0x0000000000000000

Heap:
 PSYoungGen      total 18944K, used 4577K [0x00000000feb00000, 0x0000000100000000, 0x0000000100000000)
  eden space 16384K, 12% used [0x00000000feb00000,0x00000000fecffca0,0x00000000ffb00000)
  from space 2560K, 98% used [0x00000000ffd80000,0x00000000ffff8870,0x0000000100000000)
  to   space 2560K, 0% used [0x00000000ffb00000,0x00000000ffb00000,0x00000000ffd80000)
 ParOldGen       total 44032K, used 5319K [0x00000000fc000000, 0x00000000feb00000, 0x00000000feb00000)
  object space 44032K, 12% used [0x00000000fc000000,0x00000000fc531cf0,0x00000000feb00000)
 Metaspace       used 7806K, capacity 8012K, committed 8192K, reserved 1056768K
  class space    used 899K, capacity 988K, committed 1024K, reserved 1048576K

Card table byte_map: [0x0000000004a30000,0x0000000004a60000] byte_map_base: 0x0000000004250000

Marking Bits: (ParMarkBitMap*) 0x00000000759a3950
 Begin Bits: [0x00000000148a0000, 0x00000000149a0000)
 End Bits:   [0x00000000149a0000, 0x0000000014aa0000)

Polling page: 0x0000000002c80000

CodeCache: size=245760Kb used=3518Kb max_used=3518Kb free=242241Kb
 bounds [0x0000000004ce0000, 0x0000000005060000, 0x0000000013ce0000]
 total_blobs=1283 nmethods=949 adapters=248
 compilation: enabled

Compilation events (10 events):
Event: 1.305 Thread 0x0000000017423000 nmethod 942 0x000000000503d890 code [0x000000000503da40, 0x000000000503e098]
Event: 1.305 Thread 0x0000000017423000  943       3       java.util.zip.ZipOutputStream::writeShort (41 bytes)
Event: 1.306 Thread 0x0000000017423000 nmethod 943 0x0000000005047b50 code [0x0000000005047cc0, 0x0000000005047fd8]
Event: 1.306 Thread 0x0000000017423000  944       3       com.google.devtools.build.android.desugar.Java7Compatibility::visitInnerClass (19 bytes)
Event: 1.306 Thread 0x0000000017423000 nmethod 944 0x00000000050480d0 code [0x0000000005048260, 0x0000000005048638]
Event: 1.306 Thread 0x0000000017423000  945       3       org.objectweb.asm.ClassWriter::visitInnerClass (118 bytes)
Event: 1.307 Thread 0x0000000017423000 nmethod 945 0x0000000005048790 code [0x0000000005048980, 0x00000000050490e8]
Event: 1.307 Thread 0x0000000017423000  946       3       com.google.devtools.build.android.desugar.ObjectsRequireNonNullMethodRewriter::visitMethod (36 bytes)
Event: 1.307 Thread 0x0000000017423000 nmethod 946 0x0000000005049510 code [0x00000000050496a0, 0x00000000050499f8]
Event: 1.308 Thread 0x0000000017423000  947       3       com.google.devtools.build.android.desugar.LambdaDesugaring::visitMethod (206 bytes)

GC Heap History (4 events):
Event: 0.760 GC heap before
{Heap before GC invocations=1 (full 0):
 PSYoungGen      total 18944K, used 16384K [0x00000000feb00000, 0x0000000100000000, 0x0000000100000000)
  eden space 16384K, 100% used [0x00000000feb00000,0x00000000ffb00000,0x00000000ffb00000)
  from space 2560K, 0% used [0x00000000ffd80000,0x00000000ffd80000,0x0000000100000000)
  to   space 2560K, 0% used [0x00000000ffb00000,0x00000000ffb00000,0x00000000ffd80000)
 ParOldGen       total 44032K, used 0K [0x00000000fc000000, 0x00000000feb00000, 0x00000000feb00000)
  object space 44032K, 0% used [0x00000000fc000000,0x00000000fc000000,0x00000000feb00000)
 Metaspace       used 6587K, capacity 6746K, committed 7040K, reserved 1056768K
  class space    used 771K, capacity 823K, committed 896K, reserved 1048576K
Event: 0.763 GC heap after
Heap after GC invocations=1 (full 0):
 PSYoungGen      total 18944K, used 2552K [0x00000000feb00000, 0x0000000100000000, 0x0000000100000000)
  eden space 16384K, 0% used [0x00000000feb00000,0x00000000feb00000,0x00000000ffb00000)
  from space 2560K, 99% used [0x00000000ffb00000,0x00000000ffd7e020,0x00000000ffd80000)
  to   space 2560K, 0% used [0x00000000ffd80000,0x00000000ffd80000,0x0000000100000000)
 ParOldGen       total 44032K, used 1604K [0x00000000fc000000, 0x00000000feb00000, 0x00000000feb00000)
  object space 44032K, 3% used [0x00000000fc000000,0x00000000fc1911f0,0x00000000feb00000)
 Metaspace       used 6587K, capacity 6746K, committed 7040K, reserved 1056768K
  class space    used 771K, capacity 823K, committed 896K, reserved 1048576K
}
Event: 1.219 GC heap before
{Heap before GC invocations=2 (full 0):
 PSYoungGen      total 18944K, used 18936K [0x00000000feb00000, 0x0000000100000000, 0x0000000100000000)
  eden space 16384K, 100% used [0x00000000feb00000,0x00000000ffb00000,0x00000000ffb00000)
  from space 2560K, 99% used [0x00000000ffb00000,0x00000000ffd7e020,0x00000000ffd80000)
  to   space 2560K, 0% used [0x00000000ffd80000,0x00000000ffd80000,0x0000000100000000)
 ParOldGen       total 44032K, used 1604K [0x00000000fc000000, 0x00000000feb00000, 0x00000000feb00000)
  object space 44032K, 3% used [0x00000000fc000000,0x00000000fc1911f0,0x00000000feb00000)
 Metaspace       used 7730K, capacity 7884K, committed 7936K, reserved 1056768K
  class space    used 899K, capacity 988K, committed 1024K, reserved 1048576K
Event: 1.255 GC heap after
Heap after GC invocations=2 (full 0):
 PSYoungGen      total 18944K, used 2530K [0x00000000feb00000, 0x0000000100000000, 0x0000000100000000)
  eden space 16384K, 0% used [0x00000000feb00000,0x00000000feb00000,0x00000000ffb00000)
  from space 2560K, 98% used [0x00000000ffd80000,0x00000000ffff8870,0x0000000100000000)
  to   space 2560K, 0% used [0x00000000ffb00000,0x00000000ffb00000,0x00000000ffd80000)
 ParOldGen       total 44032K, used 5319K [0x00000000fc000000, 0x00000000feb00000, 0x00000000feb00000)
  object space 44032K, 12% used [0x00000000fc000000,0x00000000fc531cf0,0x00000000feb00000)
 Metaspace       used 7730K, capacity 7884K, committed 7936K, reserved 1056768K
  class space    used 899K, capacity 988K, committed 1024K, reserved 1048576K
}

Deoptimization events (10 events):
Event: 1.058 Thread 0x0000000004be4800 Uncommon trap: reason=class_check action=maybe_recompile pc=0x0000000004f096ec method=com.google.common.collect.TransformedIterator.hasNext()Z @ 4
Event: 1.058 Thread 0x0000000004be4800 Uncommon trap: reason=class_check action=maybe_recompile pc=0x0000000004efca10 method=com.google.common.collect.Iterators$7.transform(Ljava/lang/Object;)Ljava/lang/Object; @ 5
Event: 1.058 Thread 0x0000000004be4800 Uncommon trap: reason=class_check action=maybe_recompile pc=0x0000000004f096ec method=com.google.common.collect.TransformedIterator.hasNext()Z @ 4
Event: 1.058 Thread 0x0000000004be4800 Uncommon trap: reason=class_check action=maybe_recompile pc=0x0000000004f096ec method=com.google.common.collect.TransformedIterator.hasNext()Z @ 4
Event: 1.058 Thread 0x0000000004be4800 Uncommon trap: reason=class_check action=maybe_recompile pc=0x0000000004efca10 method=com.google.common.collect.Iterators$7.transform(Ljava/lang/Object;)Ljava/lang/Object; @ 5
Event: 1.058 Thread 0x0000000004be4800 Uncommon trap: reason=class_check action=maybe_recompile pc=0x0000000004f096ec method=com.google.common.collect.TransformedIterator.hasNext()Z @ 4
Event: 1.058 Thread 0x0000000004be4800 Uncommon trap: reason=class_check action=maybe_recompile pc=0x0000000004efca10 method=com.google.common.collect.Iterators$7.transform(Ljava/lang/Object;)Ljava/lang/Object; @ 5
Event: 1.058 Thread 0x0000000004be4800 Uncommon trap: reason=class_check action=maybe_recompile pc=0x0000000004efca10 method=com.google.common.collect.Iterators$7.transform(Ljava/lang/Object;)Ljava/lang/Object; @ 5
Event: 1.257 Thread 0x0000000004be4800 Uncommon trap: reason=unstable_if action=reinterpret pc=0x0000000004fcea04 method=java.lang.String.<init>([CII)V @ 18
Event: 1.305 Thread 0x0000000004be4800 Uncommon trap: reason=unstable_if action=reinterpret pc=0x0000000004ffd8d8 method=org.objectweb.asm.Item.a(Lorg/objectweb/asm/Item;)Z @ 345

Classes redefined (0 events):
No events

Internal exceptions (10 events):
Event: 0.784 Thread 0x0000000004be4800 Implicit null exception at 0x0000000004f0ffd3 to 0x0000000004f10971
Event: 0.847 Thread 0x0000000004be4800 Exception <a 'sun/nio/fs/WindowsException'> (0x00000000ff200fe8) thrown at [D:\src\AOSP-openjdk-cygwin\jdk8u\hotspot\src\share\vm\prims\jni.cpp, line 709]
Event: 0.847 Thread 0x0000000004be4800 Exception <a 'sun/nio/fs/WindowsException'> (0x00000000ff201548) thrown at [D:\src\AOSP-openjdk-cygwin\jdk8u\hotspot\src\share\vm\prims\jni.cpp, line 709]
Event: 0.847 Thread 0x0000000004be4800 Exception <a 'sun/nio/fs/WindowsException'> (0x00000000ff201a20) thrown at [D:\src\AOSP-openjdk-cygwin\jdk8u\hotspot\src\share\vm\prims\jni.cpp, line 709]
Event: 0.847 Thread 0x0000000004be4800 Exception <a 'sun/nio/fs/WindowsException'> (0x00000000ff202180) thrown at [D:\src\AOSP-openjdk-cygwin\jdk8u\hotspot\src\share\vm\prims\jni.cpp, line 709]
Event: 0.848 Thread 0x0000000004be4800 Exception <a 'sun/nio/fs/WindowsException'> (0x00000000ff202630) thrown at [D:\src\AOSP-openjdk-cygwin\jdk8u\hotspot\src\share\vm\prims\jni.cpp, line 709]
Event: 0.848 Thread 0x0000000004be4800 Exception <a 'sun/nio/fs/WindowsException'> (0x00000000ff202d80) thrown at [D:\src\AOSP-openjdk-cygwin\jdk8u\hotspot\src\share\vm\prims\jni.cpp, line 709]
Event: 0.855 Thread 0x0000000004be4800 Exception <a 'sun/nio/fs/WindowsException'> (0x00000000ff2078a0) thrown at [D:\src\AOSP-openjdk-cygwin\jdk8u\hotspot\src\share\vm\prims\jni.cpp, line 709]
Event: 1.021 Thread 0x0000000004be4800 Exception <a 'sun/nio/fs/WindowsException'> (0x00000000ff596d40) thrown at [D:\src\AOSP-openjdk-cygwin\jdk8u\hotspot\src\share\vm\prims\jni.cpp, line 709]
Event: 1.021 Thread 0x0000000004be4800 Exception <a 'sun/nio/fs/WindowsException'> (0x00000000ff5972f8) thrown at [D:\src\AOSP-openjdk-cygwin\jdk8u\hotspot\src\share\vm\prims\jni.cpp, line 709]

Events (10 events):
Event: 1.130 loading class org/objectweb/asm/Handler
Event: 1.130 loading class org/objectweb/asm/Handler done
Event: 1.219 Executing VM operation: ParallelGCFailedAllocation
Event: 1.255 Executing VM operation: ParallelGCFailedAllocation done
Event: 1.257 Thread 0x0000000004be4800 Uncommon trap: trap_request=0xffffff65 fr.pc=0x0000000004fcea04
Event: 1.257 Thread 0x0000000004be4800 DEOPT PACKING pc=0x0000000004fcea04 sp=0x0000000004bde7d0
Event: 1.257 Thread 0x0000000004be4800 DEOPT UNPACKING pc=0x0000000004d2556a sp=0x0000000004bde678 mode 2
Event: 1.305 Thread 0x0000000004be4800 Uncommon trap: trap_request=0xffffff65 fr.pc=0x0000000004ffd8d8
Event: 1.305 Thread 0x0000000004be4800 DEOPT PACKING pc=0x0000000004ffd8d8 sp=0x0000000004bde670
Event: 1.305 Thread 0x0000000004be4800 DEOPT UNPACKING pc=0x0000000004d2556a sp=0x0000000004bde608 mode 2


Dynamic libraries:
0x00007ff70b8f0000 - 0x00007ff70b921000 	D:\Android_Studio\Android_Studio3.0\jre\bin\java.exe
0x00007ffa1ffd0000 - 0x00007ffa201b0000 	C:\WINDOWS\SYSTEM32\ntdll.dll
0x00007ffa1fe90000 - 0x00007ffa1ff3e000 	C:\WINDOWS\System32\KERNEL32.DLL
0x00007ffa1cd90000 - 0x00007ffa1cff6000 	C:\WINDOWS\System32\KERNELBASE.dll
0x00007ffa1fa30000 - 0x00007ffa1fad1000 	C:\WINDOWS\System32\ADVAPI32.dll
0x00007ffa1d500000 - 0x00007ffa1d59d000 	C:\WINDOWS\System32\msvcrt.dll
0x00007ffa1f9d0000 - 0x00007ffa1fa2b000 	C:\WINDOWS\System32\sechost.dll
0x00007ffa1d7b0000 - 0x00007ffa1d8cf000 	C:\WINDOWS\System32\RPCRT4.dll
0x00007ffa1fd00000 - 0x00007ffa1fe8f000 	C:\WINDOWS\System32\USER32.dll
0x00007ffa1d220000 - 0x00007ffa1d240000 	C:\WINDOWS\System32\win32u.dll
0x00007ffa1ff70000 - 0x00007ffa1ff98000 	C:\WINDOWS\System32\GDI32.dll
0x00007ffa1d000000 - 0x00007ffa1d193000 	C:\WINDOWS\System32\gdi32full.dll
0x00007ffa1c5a0000 - 0x00007ffa1c63b000 	C:\WINDOWS\System32\msvcp_win.dll
0x00007ffa1d290000 - 0x00007ffa1d386000 	C:\WINDOWS\System32\ucrtbase.dll
0x00007ffa0b420000 - 0x00007ffa0b689000 	C:\WINDOWS\WinSxS\amd64_microsoft.windows.common-controls_6595b64144ccf1df_6.0.16299.371_none_15c7d1789365a290\COMCTL32.dll
0x00007ffa1d980000 - 0x00007ffa1dc88000 	C:\WINDOWS\System32\combase.dll
0x00007ffa1d1a0000 - 0x00007ffa1d212000 	C:\WINDOWS\System32\bcryptPrimitives.dll
0x00007ffa1dd30000 - 0x00007ffa1dd5d000 	C:\WINDOWS\System32\IMM32.DLL
0x00007ffa1c2b0000 - 0x00007ffa1c31e000 	C:\WINDOWS\System32\dtrampo.dll
0x0000000075020000 - 0x00000000750f2000 	D:\Android_Studio\Android_Studio3.0\jre\jre\bin\msvcr100.dll
0x00000000751e0000 - 0x0000000075a1e000 	D:\Android_Studio\Android_Studio3.0\jre\jre\bin\server\jvm.dll
0x00007ffa1ff40000 - 0x00007ffa1ff48000 	C:\WINDOWS\System32\PSAPI.DLL
0x00007ffa18ef0000 - 0x00007ffa18ef9000 	C:\WINDOWS\SYSTEM32\WSOCK32.dll
0x00007ffa1e430000 - 0x00007ffa1e49c000 	C:\WINDOWS\System32\WS2_32.dll
0x00007ffa167f0000 - 0x00007ffa16813000 	C:\WINDOWS\SYSTEM32\WINMM.dll
0x00007ffa11c00000 - 0x00007ffa11c0a000 	C:\WINDOWS\SYSTEM32\VERSION.dll
0x00007ffa16790000 - 0x00007ffa167ba000 	C:\WINDOWS\SYSTEM32\WINMMBASE.dll
0x00007ffa1d240000 - 0x00007ffa1d28a000 	C:\WINDOWS\System32\cfgmgr32.dll
0x00007ffa18eb0000 - 0x00007ffa18ebf000 	D:\Android_Studio\Android_Studio3.0\jre\jre\bin\verify.dll
0x00007ffa10160000 - 0x00007ffa10189000 	D:\Android_Studio\Android_Studio3.0\jre\jre\bin\java.dll
0x00007ffa18e20000 - 0x00007ffa18e36000 	D:\Android_Studio\Android_Studio3.0\jre\jre\bin\zip.dll
0x00000000178e0000 - 0x0000000018d16000 	C:\WINDOWS\System32\SHELL32.dll
0x00007ffa1d8d0000 - 0x00007ffa1d976000 	C:\WINDOWS\System32\shcore.dll
0x0000000018d20000 - 0x0000000019467000 	C:\WINDOWS\System32\windows.storage.dll
0x00007ffa1d4a0000 - 0x00007ffa1d4f1000 	C:\WINDOWS\System32\shlwapi.dll
0x00007ffa1c320000 - 0x00007ffa1c331000 	C:\WINDOWS\System32\kernel.appcore.dll
0x00007ffa1c380000 - 0x00007ffa1c3cc000 	C:\WINDOWS\System32\powrprof.dll
0x00007ffa1c340000 - 0x00007ffa1c35b000 	C:\WINDOWS\System32\profapi.dll
0x00007ffa1bd00000 - 0x00007ffa1bd17000 	C:\WINDOWS\SYSTEM32\CRYPTSP.dll
0x00007ffa1b740000 - 0x00007ffa1b773000 	C:\WINDOWS\system32\rsaenh.dll
0x00007ffa1be10000 - 0x00007ffa1be35000 	C:\WINDOWS\SYSTEM32\bcrypt.dll
0x00007ffa1c1e0000 - 0x00007ffa1c209000 	C:\WINDOWS\SYSTEM32\USERENV.dll
0x00007ffa1bd20000 - 0x00007ffa1bd2b000 	C:\WINDOWS\SYSTEM32\CRYPTBASE.dll
0x00007ffa18050000 - 0x00007ffa1806a000 	D:\Android_Studio\Android_Studio3.0\jre\jre\bin\net.dll
0x00007ffa1bb40000 - 0x00007ffa1bba6000 	C:\WINDOWS\system32\mswsock.dll
0x00007ffa1b8d0000 - 0x00007ffa1b909000 	C:\WINDOWS\SYSTEM32\IPHLPAPI.DLL
0x00007ffa1e4a0000 - 0x00007ffa1e4a8000 	C:\WINDOWS\System32\NSI.dll
0x00007ffa16b60000 - 0x00007ffa16b76000 	C:\WINDOWS\SYSTEM32\dhcpcsvc6.DLL
0x00007ffa16b40000 - 0x00007ffa16b5a000 	C:\WINDOWS\SYSTEM32\dhcpcsvc.DLL
0x00007ffa17300000 - 0x00007ffa17311000 	D:\Android_Studio\Android_Studio3.0\jre\jre\bin\nio.dll

VM Arguments:
jvm_args: -Djava.awt.headless=true -Xmx64M -Dfile.encoding=GBK -Duser.country=CN -Duser.language=zh -Duser.variant 
java_command: com.google.devtools.build.android.desugar.Desugar --input C:\WorkSpace\RGD\Left_ship -  (16) - gradle-4.6-start\app\build\intermediates\transforms\stackFramesFixer\release\17.jar --output C:\WorkSpace\RGD\Left_ship -  (16) - gradle-4.6-start\app\build\intermediates\transforms\desugar\release\21.jar --input C:\WorkSpace\RGD\Left_ship -  (16) - gradle-4.6-start\chatinput\build\intermediates\intermediate-jars\release\classes.jar --output C:\WorkSpace\RGD\Left_ship -  (16) - gradle-4.6-start\app\build\intermediates\transforms\desugar\release\1.jar --input C:\WorkSpace\RGD\Left_ship -  (16) - gradle-4.6-start\app\build\intermediates\transforms\stackFramesFixer\release\11.jar --output C:\WorkSpace\RGD\Left_ship -  (16) - gradle-4.6-start\app\build\intermediates\transforms\desugar\release\15.jar --input C:\WorkSpace\RGD\Left_ship -  (16) - gradle-4.6-start\app\build\intermediates\transforms\stackFramesFixer\release\12.jar --output C:\WorkSpace\RGD\Left_ship -  (16) - gradle-4.6-start\app\build\intermediates\transforms\desugar\release\16.jar --classpath_entry C:\WorkSpace\RGD\Left_ship -  (16) - gradle-4.6-start\exampleui2\build\intermediates\intermediate-jars\release\classes.jar --classpath_entry C:\WorkSpace\RGD\Left_ship -  (16) - gradle-4.6-start\chatinput\build\intermediates\intermediate-jars\release\classes.jar --classpath_entry C:\WorkSpace\RGD\Left_ship -  (16) - gradle-4.6-start\imui\build\intermediates\intermediate-jars\release\classes.jar --classpath_entry C:\WorkSpace\RGD\Left_ship -  (16) - gradle-4.6-start\app\build\intermediates\classes\release --classpath_entry C:\WorkSpace\RGD\Left_ship -  (16) - gradle-4.6-start\app\build\intermediates\transforms\stackFramesFixer\release\0.jar --classpath_entry C:\WorkSpace\RGD\Left_ship -  (16) - gradle-4.6-start\app\build\intermediates\transforms\stackFramesFixer\release\1.jar --classpath_entry C:\WorkSpace\RGD\Left_ship -  (16) - gradle-4.6-start\app\build\intermediates\transforms\stackFramesFixer\releas
java_class_path (initial): D:\TEMP\desugar_deploy.jar1486731347036584714
Launcher Type: SUN_STANDARD

Environment Variables:
JAVA_HOME=C:\Program Files\Java\jdk1.8.0_05
CLASSPATH=.;C:\Program Files\Java\jdk1.8.0_05\lib\dt.jar;C:\Program Files\Java\jdk1.8.0_05\lib\toos.jar;D:\Program Files\apache-ant-1.10.2\lib
PATH=C:\Windows\system32;C:\Windows;C:\Windows\System32\Wbem;C:\Windows\System32\WindowsPowerShell\v1.0\;C:\Program Files (x86)\Windows Kits\8.0\Windows Performance Toolkit\;C:\Program Files\Microsoft SQL Server\110\Tools\Binn\;D:\Matlab\runtime\win64;D:\Matlab\bin;D:\Matlab\polyspace\bin;C:\Program Files (x86)\NVIDIA Corporation\PhysX\Common;C:\Program Files\Microsoft SQL Server\Client SDK\ODBC\110\Tools\Binn\;C:\Program Files (x86)\Microsoft SQL Server\120\Tools\Binn\;C:\Program Files\Microsoft SQL Server\120\Tools\Binn\;C:\Program Files\Microsoft SQL Server\120\DTS\Binn\;C:\Program Files (x86)\Windows Kits\8.1\Windows Performance Toolkit\;C:\Program Files (x86)\QuickTime\QTSystem\;"C:\Program Files\Java\jdk1.8.0_05\bin;C:\Program Files\Java\jdk1.8.0_05\jre\bin;";D:\Android_Studio\SDK\platform-tools;D:\Program Files\UltraCompare;C:\WINDOWS\system32;C:\WINDOWS;C:\WINDOWS\System32\Wbem;C:\WINDOWS\System32\WindowsPowerShell\v1.0\;C:\Program Files\Java\jdk1.8.0_05\bin;D:\Android_Studio\SDK\platform-tools;D:\Program Files\apache-ant-1.10.2\bin;D:\Program Files\MySQL_Server\mysql-5.7.21-winx64\bin;D:\Program Files\Git\cmd;D:\Program Files\tortoisegit\bin;C:\Users\huoda\AppData\Local\Microsoft\WindowsApps;D:\A_Win10_Tools\;D:\Android_Studio\ANT\apache-ant-1.10.2\bin;;D:\Visual_Studio_Code\Microsoft VS Code\bin
USERNAME=huoda
OS=Windows_NT
PROCESSOR_IDENTIFIER=Intel64 Family 6 Model 158 Stepping 9, GenuineIntel



---------------  S Y S T E M  ---------------

OS: Windows 10.0 , 64 bit Build 16299 (10.0.16299.15)

CPU:total 8 (initial active 8) (4 cores per cpu, 2 threads per core) family 6 model 158 stepping 9, cmov, cx8, fxsr, mmx, sse, sse2, sse3, ssse3, sse4.1, sse4.2, popcnt, avx, avx2, aes, clmul, erms, 3dnowpref, lzcnt, ht, tsc, tscinvbit, bmi1, bmi2, adx

Memory: 4k page, physical 16663628k(861460k free), swap 20857932k(2416k free)

vm_info: OpenJDK 64-Bit Server VM (25.152-b01) for windows-amd64 JRE (1.8.0_152-release-915-b01), built by "builder" with MS VC++ 10.0 (VS2010)

time: Sun Apr 29 19:09:45 2018
elapsed time: 1 seconds (0d 0h 0m 1s)

