#
# There is insufficient memory for the Java Runtime Environment to continue.
# Native memory allocation (malloc) failed to allocate 245456 bytes for Chunk::new
# Possible reasons:
#   The system is out of physical RAM or swap space
#   In 32 bit mode, the process size limit was hit
# Possible solutions:
#   Reduce memory load on the system
#   Increase physical memory or swap space
#   Check if swap backing store is full
#   Use 64 bit Java on a 64 bit OS
#   Decrease Java heap size (-Xmx/-Xms)
#   Decrease number of Java threads
#   Decrease Java thread stack sizes (-Xss)
#   Set larger code cache with -XX:ReservedCodeCacheSize=
# This output file may be truncated or incomplete.
#
#  Out of Memory Error (allocation.cpp:390), pid=37852, tid=0x00000000000094e8
#
# JRE version: OpenJDK Runtime Environment (8.0_152-b01) (build 1.8.0_152-release-915-b01)
# Java VM: OpenJDK 64-Bit Server VM (25.152-b01 mixed mode windows-amd64 compressed oops)
# Failed to write core dump. Minidumps are not enabled by default on client versions of Windows
#

---------------  T H R E A D  ---------------

Current thread (0x0000000017407800):  JavaThread "C2 CompilerThread2" daemon [_thread_in_native, id=38120, stack(0x00000000198b0000,0x00000000199b0000)]

Stack: [0x00000000198b0000,0x00000000199b0000]
[error occurred during error reporting (printing stack bounds), id 0xc0000005]

Native frames: (J=compiled Java code, j=interpreted, Vv=VM code, C=native code)


Current CompileTask:
C2:   2734  903       4       org.objectweb.asm.ClassReader::a (3587 bytes)


---------------  P R O C E S S  ---------------

Java Threads: ( => current thread )
  0x0000000017414000 JavaThread "Service Thread" daemon [_thread_blocked, id=38136, stack(0x0000000019ab0000,0x0000000019bb0000)]
  0x000000001740b800 JavaThread "C1 CompilerThread3" daemon [_thread_blocked, id=38128, stack(0x00000000199b0000,0x0000000019ab0000)]
=>0x0000000017407800 JavaThread "C2 CompilerThread2" daemon [_thread_in_native, id=38120, stack(0x00000000198b0000,0x00000000199b0000)]
  0x0000000017405000 JavaThread "C2 CompilerThread1" daemon [_thread_blocked, id=38096, stack(0x00000000197b0000,0x00000000198b0000)]
  0x00000000173af800 JavaThread "C2 CompilerThread0" daemon [_thread_blocked, id=38084, stack(0x00000000196b0000,0x00000000197b0000)]
  0x000000001735c000 JavaThread "Attach Listener" daemon [_thread_blocked, id=38080, stack(0x00000000195b0000,0x00000000196b0000)]
  0x000000001735b000 JavaThread "Signal Dispatcher" daemon [_thread_blocked, id=38076, stack(0x00000000194b0000,0x00000000195b0000)]
  0x0000000004c7e800 JavaThread "Finalizer" daemon [_thread_blocked, id=37584, stack(0x0000000017720000,0x0000000017820000)]
  0x0000000004c7b000 JavaThread "Reference Handler" daemon [_thread_blocked, id=35280, stack(0x0000000017220000,0x0000000017320000)]
  0x0000000004b84800 JavaThread "main" [_thread_in_native, id=36636, stack(0x0000000004a00000,0x0000000004b00000)]

Other Threads:
  0x0000000015427800 VMThread [stack: 0x0000000017120000,0x0000000017220000] [id=37628]
  0x0000000017415000 WatcherThread [stack: 0x0000000019bb0000,0x0000000019cb0000] [id=38152]

VM state:not at safepoint (normal execution)

VM Mutex/Monitor currently owned by a thread: None

Heap:
 PSYoungGen      total 18944K, used 5869K [0x00000000feb00000, 0x0000000100000000, 0x0000000100000000)
  eden space 16384K, 20% used [0x00000000feb00000,0x00000000fee42f40,0x00000000ffb00000)
  from space 2560K, 98% used [0x00000000ffd80000,0x00000000ffff8850,0x0000000100000000)
  to   space 2560K, 0% used [0x00000000ffb00000,0x00000000ffb00000,0x00000000ffd80000)
 ParOldGen       total 44032K, used 5252K [0x00000000fc000000, 0x00000000feb00000, 0x00000000feb00000)
  object space 44032K, 11% used [0x00000000fc000000,0x00000000fc521100,0x00000000feb00000)
 Metaspace       used 7805K, capacity 8012K, committed 8192K, reserved 1056768K
  class space    used 899K, capacity 988K, committed 1024K, reserved 1048576K

Card table byte_map: [0x00000000045f0000,0x0000000004620000] byte_map_base: 0x0000000003e10000

Marking Bits: (ParMarkBitMap*) 0x00000000759a3950
 Begin Bits: [0x0000000014840000, 0x0000000014940000)
 End Bits:   [0x0000000014940000, 0x0000000014a40000)

Polling page: 0x0000000002c10000

CodeCache: size=245760Kb used=3623Kb max_used=3623Kb free=242136Kb
 bounds [0x0000000004c80000, 0x0000000005010000, 0x0000000013c80000]
 total_blobs=1283 nmethods=949 adapters=248
 compilation: enabled

Compilation events (10 events):
Event: 2.530 Thread 0x000000001740b800  942       3       org.objectweb.asm.tree.MethodNode::visitJumpInsn (21 bytes)
Event: 2.531 Thread 0x000000001740b800 nmethod 942 0x0000000004fefb90 code [0x0000000004fefd40, 0x0000000004ff0508]
Event: 2.531 Thread 0x000000001740b800  943       3       org.objectweb.asm.tree.JumpInsnNode::<init> (11 bytes)
Event: 2.531 Thread 0x000000001740b800 nmethod 943 0x0000000004fef710 code [0x0000000004fef880, 0x0000000004fefab0]
Event: 2.531 Thread 0x000000001740b800  950       3       org.objectweb.asm.Label::a (93 bytes)
Event: 2.531 Thread 0x000000001740b800 nmethod 950 0x000000000500c150 code [0x000000000500c2c0, 0x000000000500c708]
Event: 2.531 Thread 0x000000001740b800  938       3       java.util.HashMap::<init> (11 bytes)
Event: 2.531 Thread 0x000000001740b800 nmethod 938 0x000000000500c8d0 code [0x000000000500ca40, 0x000000000500cc50]
Event: 2.531 Thread 0x000000001740b800  941       1       sun.util.calendar.CalendarDate::getYear (5 bytes)
Event: 2.531 Thread 0x000000001740b800 nmethod 941 0x0000000004fef410 code [0x0000000004fef560, 0x0000000004fef670]

GC Heap History (4 events):
Event: 1.200 GC heap before
{Heap before GC invocations=1 (full 0):
 PSYoungGen      total 18944K, used 16384K [0x00000000feb00000, 0x0000000100000000, 0x0000000100000000)
  eden space 16384K, 100% used [0x00000000feb00000,0x00000000ffb00000,0x00000000ffb00000)
  from space 2560K, 0% used [0x00000000ffd80000,0x00000000ffd80000,0x0000000100000000)
  to   space 2560K, 0% used [0x00000000ffb00000,0x00000000ffb00000,0x00000000ffd80000)
 ParOldGen       total 44032K, used 0K [0x00000000fc000000, 0x00000000feb00000, 0x00000000feb00000)
  object space 44032K, 0% used [0x00000000fc000000,0x00000000fc000000,0x00000000feb00000)
 Metaspace       used 6587K, capacity 6746K, committed 7040K, reserved 1056768K
  class space    used 770K, capacity 823K, committed 896K, reserved 1048576K
Event: 1.243 GC heap after
Heap after GC invocations=1 (full 0):
 PSYoungGen      total 18944K, used 2536K [0x00000000feb00000, 0x0000000100000000, 0x0000000100000000)
  eden space 16384K, 0% used [0x00000000feb00000,0x00000000feb00000,0x00000000ffb00000)
  from space 2560K, 99% used [0x00000000ffb00000,0x00000000ffd7a030,0x00000000ffd80000)
  to   space 2560K, 0% used [0x00000000ffd80000,0x00000000ffd80000,0x0000000100000000)
 ParOldGen       total 44032K, used 1601K [0x00000000fc000000, 0x00000000feb00000, 0x00000000feb00000)
  object space 44032K, 3% used [0x00000000fc000000,0x00000000fc1905f0,0x00000000feb00000)
 Metaspace       used 6587K, capacity 6746K, committed 7040K, reserved 1056768K
  class space    used 770K, capacity 823K, committed 896K, reserved 1048576K
}
Event: 2.196 GC heap before
{Heap before GC invocations=2 (full 0):
 PSYoungGen      total 18944K, used 18920K [0x00000000feb00000, 0x0000000100000000, 0x0000000100000000)
  eden space 16384K, 100% used [0x00000000feb00000,0x00000000ffb00000,0x00000000ffb00000)
  from space 2560K, 99% used [0x00000000ffb00000,0x00000000ffd7a030,0x00000000ffd80000)
  to   space 2560K, 0% used [0x00000000ffd80000,0x00000000ffd80000,0x0000000100000000)
 ParOldGen       total 44032K, used 1601K [0x00000000fc000000, 0x00000000feb00000, 0x00000000feb00000)
  object space 44032K, 3% used [0x00000000fc000000,0x00000000fc1905f0,0x00000000feb00000)
 Metaspace       used 7744K, capacity 7948K, committed 8192K, reserved 1056768K
  class space    used 898K, capacity 988K, committed 1024K, reserved 1048576K
Event: 2.388 GC heap after
Heap after GC invocations=2 (full 0):
 PSYoungGen      total 18944K, used 2530K [0x00000000feb00000, 0x0000000100000000, 0x0000000100000000)
  eden space 16384K, 0% used [0x00000000feb00000,0x00000000feb00000,0x00000000ffb00000)
  from space 2560K, 98% used [0x00000000ffd80000,0x00000000ffff8850,0x0000000100000000)
  to   space 2560K, 0% used [0x00000000ffb00000,0x00000000ffb00000,0x00000000ffd80000)
 ParOldGen       total 44032K, used 5252K [0x00000000fc000000, 0x00000000feb00000, 0x00000000feb00000)
  object space 44032K, 11% used [0x00000000fc000000,0x00000000fc521100,0x00000000feb00000)
 Metaspace       used 7744K, capacity 7948K, committed 8192K, reserved 1056768K
  class space    used 898K, capacity 988K, committed 1024K, reserved 1048576K
}

Deoptimization events (10 events):
Event: 1.833 Thread 0x0000000004b84800 Uncommon trap: reason=class_check action=maybe_recompile pc=0x0000000004e9d950 method=com.google.common.collect.Iterators$7.transform(Ljava/lang/Object;)Ljava/lang/Object; @ 5
Event: 1.833 Thread 0x0000000004b84800 Uncommon trap: reason=class_check action=maybe_recompile pc=0x0000000004eb1a2c method=com.google.common.collect.TransformedIterator.hasNext()Z @ 4
Event: 1.833 Thread 0x0000000004b84800 Uncommon trap: reason=class_check action=maybe_recompile pc=0x0000000004eb0528 method=com.google.common.collect.TransformedIterator.next()Ljava/lang/Object; @ 5
Event: 1.833 Thread 0x0000000004b84800 Uncommon trap: reason=class_check action=maybe_recompile pc=0x0000000004e9d950 method=com.google.common.collect.Iterators$7.transform(Ljava/lang/Object;)Ljava/lang/Object; @ 5
Event: 1.833 Thread 0x0000000004b84800 Uncommon trap: reason=class_check action=maybe_recompile pc=0x0000000004eb0528 method=com.google.common.collect.TransformedIterator.next()Ljava/lang/Object; @ 5
Event: 1.833 Thread 0x0000000004b84800 Uncommon trap: reason=class_check action=maybe_recompile pc=0x0000000004e9d950 method=com.google.common.collect.Iterators$7.transform(Ljava/lang/Object;)Ljava/lang/Object; @ 5
Event: 1.991 Thread 0x0000000004b84800 Uncommon trap: reason=unstable_if action=reinterpret pc=0x0000000004e226b8 method=java.lang.String.<init>([CII)V @ 18
Event: 2.147 Thread 0x0000000004b84800 Uncommon trap: reason=unstable_if action=reinterpret pc=0x0000000004f9bd58 method=org.objectweb.asm.Item.a(Lorg/objectweb/asm/Item;)Z @ 345
Event: 2.155 Thread 0x0000000004b84800 Uncommon trap: reason=unstable_if action=reinterpret pc=0x0000000004f4c6f4 method=org.objectweb.asm.ClassReader.readUTF8(I[C)Ljava/lang/String; @ 7
Event: 2.486 Thread 0x0000000004b84800 Uncommon trap: reason=unstable_if action=reinterpret pc=0x0000000004fcfadc method=org.objectweb.asm.Type.getArgumentsAndReturnSizes(Ljava/lang/String;)I @ 136

Classes redefined (0 events):
No events

Internal exceptions (10 events):
Event: 1.265 Thread 0x0000000004b84800 Implicit null exception at 0x0000000004ea147d to 0x0000000004ea18b1
Event: 1.350 Thread 0x0000000004b84800 Exception <a 'sun/nio/fs/WindowsException'> (0x00000000ff200810) thrown at [D:\src\AOSP-openjdk-cygwin\jdk8u\hotspot\src\share\vm\prims\jni.cpp, line 709]
Event: 1.351 Thread 0x0000000004b84800 Exception <a 'sun/nio/fs/WindowsException'> (0x00000000ff200d70) thrown at [D:\src\AOSP-openjdk-cygwin\jdk8u\hotspot\src\share\vm\prims\jni.cpp, line 709]
Event: 1.351 Thread 0x0000000004b84800 Exception <a 'sun/nio/fs/WindowsException'> (0x00000000ff201248) thrown at [D:\src\AOSP-openjdk-cygwin\jdk8u\hotspot\src\share\vm\prims\jni.cpp, line 709]
Event: 1.351 Thread 0x0000000004b84800 Exception <a 'sun/nio/fs/WindowsException'> (0x00000000ff2019a8) thrown at [D:\src\AOSP-openjdk-cygwin\jdk8u\hotspot\src\share\vm\prims\jni.cpp, line 709]
Event: 1.351 Thread 0x0000000004b84800 Exception <a 'sun/nio/fs/WindowsException'> (0x00000000ff201e58) thrown at [D:\src\AOSP-openjdk-cygwin\jdk8u\hotspot\src\share\vm\prims\jni.cpp, line 709]
Event: 1.352 Thread 0x0000000004b84800 Exception <a 'sun/nio/fs/WindowsException'> (0x00000000ff2025a8) thrown at [D:\src\AOSP-openjdk-cygwin\jdk8u\hotspot\src\share\vm\prims\jni.cpp, line 709]
Event: 1.396 Thread 0x0000000004b84800 Exception <a 'sun/nio/fs/WindowsException'> (0x00000000ff2070c8) thrown at [D:\src\AOSP-openjdk-cygwin\jdk8u\hotspot\src\share\vm\prims\jni.cpp, line 709]
Event: 1.718 Thread 0x0000000004b84800 Exception <a 'sun/nio/fs/WindowsException'> (0x00000000ff5963f0) thrown at [D:\src\AOSP-openjdk-cygwin\jdk8u\hotspot\src\share\vm\prims\jni.cpp, line 709]
Event: 1.720 Thread 0x0000000004b84800 Exception <a 'sun/nio/fs/WindowsException'> (0x00000000ff5969a8) thrown at [D:\src\AOSP-openjdk-cygwin\jdk8u\hotspot\src\share\vm\prims\jni.cpp, line 709]

Events (10 events):
Event: 2.147 Thread 0x0000000004b84800 DEOPT PACKING pc=0x0000000004f9bd58 sp=0x0000000004afea20
Event: 2.147 Thread 0x0000000004b84800 DEOPT UNPACKING pc=0x0000000004cc556a sp=0x0000000004afe9b8 mode 2
Event: 2.155 Thread 0x0000000004b84800 Uncommon trap: trap_request=0xffffff65 fr.pc=0x0000000004f4c6f4
Event: 2.155 Thread 0x0000000004b84800 DEOPT PACKING pc=0x0000000004f4c6f4 sp=0x0000000004aff130
Event: 2.155 Thread 0x0000000004b84800 DEOPT UNPACKING pc=0x0000000004cc556a sp=0x0000000004aff100 mode 2
Event: 2.196 Executing VM operation: ParallelGCFailedAllocation
Event: 2.388 Executing VM operation: ParallelGCFailedAllocation done
Event: 2.486 Thread 0x0000000004b84800 Uncommon trap: trap_request=0xffffff65 fr.pc=0x0000000004fcfadc
Event: 2.486 Thread 0x0000000004b84800 DEOPT PACKING pc=0x0000000004fcfadc sp=0x0000000004afe7e0
Event: 2.486 Thread 0x0000000004b84800 DEOPT UNPACKING pc=0x0000000004cc556a sp=0x0000000004afe778 mode 2


Dynamic libraries:
0x00007ff70b8f0000 - 0x00007ff70b921000 	D:\Android_Studio\Android_Studio3.0\jre\bin\java.exe
0x00007ffa1ffd0000 - 0x00007ffa201b0000 	C:\WINDOWS\SYSTEM32\ntdll.dll
0x00007ffa1fe90000 - 0x00007ffa1ff3e000 	C:\WINDOWS\System32\KERNEL32.DLL
0x00007ffa1cd90000 - 0x00007ffa1cff6000 	C:\WINDOWS\System32\KERNELBASE.dll
0x00007ffa1fa30000 - 0x00007ffa1fad1000 	C:\WINDOWS\System32\ADVAPI32.dll
0x00007ffa1d500000 - 0x00007ffa1d59d000 	C:\WINDOWS\System32\msvcrt.dll
0x00007ffa1f9d0000 - 0x00007ffa1fa2b000 	C:\WINDOWS\System32\sechost.dll
0x00007ffa1d7b0000 - 0x00007ffa1d8cf000 	C:\WINDOWS\System32\RPCRT4.dll
0x00007ffa1fd00000 - 0x00007ffa1fe8f000 	C:\WINDOWS\System32\USER32.dll
0x00007ffa1d220000 - 0x00007ffa1d240000 	C:\WINDOWS\System32\win32u.dll
0x00007ffa1ff70000 - 0x00007ffa1ff98000 	C:\WINDOWS\System32\GDI32.dll
0x00007ffa1d000000 - 0x00007ffa1d193000 	C:\WINDOWS\System32\gdi32full.dll
0x00007ffa1c5a0000 - 0x00007ffa1c63b000 	C:\WINDOWS\System32\msvcp_win.dll
0x00007ffa1d290000 - 0x00007ffa1d386000 	C:\WINDOWS\System32\ucrtbase.dll
0x00007ffa0b420000 - 0x00007ffa0b689000 	C:\WINDOWS\WinSxS\amd64_microsoft.windows.common-controls_6595b64144ccf1df_6.0.16299.371_none_15c7d1789365a290\COMCTL32.dll
0x00007ffa1d980000 - 0x00007ffa1dc88000 	C:\WINDOWS\System32\combase.dll
0x00007ffa1d1a0000 - 0x00007ffa1d212000 	C:\WINDOWS\System32\bcryptPrimitives.dll
0x00007ffa1dd30000 - 0x00007ffa1dd5d000 	C:\WINDOWS\System32\IMM32.DLL
0x00007ffa1c2b0000 - 0x00007ffa1c31e000 	C:\WINDOWS\System32\dtrampo.dll
0x0000000075020000 - 0x00000000750f2000 	D:\Android_Studio\Android_Studio3.0\jre\jre\bin\msvcr100.dll
0x00000000751e0000 - 0x0000000075a1e000 	D:\Android_Studio\Android_Studio3.0\jre\jre\bin\server\jvm.dll
0x00007ffa1ff40000 - 0x00007ffa1ff48000 	C:\WINDOWS\System32\PSAPI.DLL
0x00007ffa18ef0000 - 0x00007ffa18ef9000 	C:\WINDOWS\SYSTEM32\WSOCK32.dll
0x00007ffa1e430000 - 0x00007ffa1e49c000 	C:\WINDOWS\System32\WS2_32.dll
0x00007ffa167f0000 - 0x00007ffa16813000 	C:\WINDOWS\SYSTEM32\WINMM.dll
0x00007ffa11c00000 - 0x00007ffa11c0a000 	C:\WINDOWS\SYSTEM32\VERSION.dll
0x00007ffa16790000 - 0x00007ffa167ba000 	C:\WINDOWS\SYSTEM32\WINMMBASE.dll
0x00007ffa1d240000 - 0x00007ffa1d28a000 	C:\WINDOWS\System32\cfgmgr32.dll
0x00007ffa18eb0000 - 0x00007ffa18ebf000 	D:\Android_Studio\Android_Studio3.0\jre\jre\bin\verify.dll
0x00007ffa10160000 - 0x00007ffa10189000 	D:\Android_Studio\Android_Studio3.0\jre\jre\bin\java.dll
0x00007ffa18e20000 - 0x00007ffa18e36000 	D:\Android_Studio\Android_Studio3.0\jre\jre\bin\zip.dll
0x0000000017820000 - 0x0000000018c56000 	C:\WINDOWS\System32\SHELL32.dll
0x00007ffa1d8d0000 - 0x00007ffa1d976000 	C:\WINDOWS\System32\shcore.dll
0x0000000018c60000 - 0x00000000193a7000 	C:\WINDOWS\System32\windows.storage.dll
0x00007ffa1d4a0000 - 0x00007ffa1d4f1000 	C:\WINDOWS\System32\shlwapi.dll
0x00007ffa1c320000 - 0x00007ffa1c331000 	C:\WINDOWS\System32\kernel.appcore.dll
0x00007ffa1c380000 - 0x00007ffa1c3cc000 	C:\WINDOWS\System32\powrprof.dll
0x00007ffa1c340000 - 0x00007ffa1c35b000 	C:\WINDOWS\System32\profapi.dll
0x00007ffa1bd00000 - 0x00007ffa1bd17000 	C:\WINDOWS\SYSTEM32\CRYPTSP.dll
0x00007ffa1b740000 - 0x00007ffa1b773000 	C:\WINDOWS\system32\rsaenh.dll
0x00007ffa1be10000 - 0x00007ffa1be35000 	C:\WINDOWS\SYSTEM32\bcrypt.dll
0x00007ffa1c1e0000 - 0x00007ffa1c209000 	C:\WINDOWS\SYSTEM32\USERENV.dll
0x00007ffa1bd20000 - 0x00007ffa1bd2b000 	C:\WINDOWS\SYSTEM32\CRYPTBASE.dll
0x00007ffa18050000 - 0x00007ffa1806a000 	D:\Android_Studio\Android_Studio3.0\jre\jre\bin\net.dll
0x00007ffa1bb40000 - 0x00007ffa1bba6000 	C:\WINDOWS\system32\mswsock.dll
0x00007ffa1b8d0000 - 0x00007ffa1b909000 	C:\WINDOWS\SYSTEM32\IPHLPAPI.DLL
0x00007ffa1e4a0000 - 0x00007ffa1e4a8000 	C:\WINDOWS\System32\NSI.dll
0x00007ffa16b60000 - 0x00007ffa16b76000 	C:\WINDOWS\SYSTEM32\dhcpcsvc6.DLL
0x00007ffa16b40000 - 0x00007ffa16b5a000 	C:\WINDOWS\SYSTEM32\dhcpcsvc.DLL
0x00007ffa17300000 - 0x00007ffa17311000 	D:\Android_Studio\Android_Studio3.0\jre\jre\bin\nio.dll

VM Arguments:
jvm_args: -Djava.awt.headless=true -Xmx64M -Dfile.encoding=GBK -Duser.country=CN -Duser.language=zh -Duser.variant 
java_command: com.google.devtools.build.android.desugar.Desugar --input C:\WorkSpace\RGD\Left_ship -  (16) - gradle-4.6-start\app\build\intermediates\transforms\stackFramesFixer\release\20.jar --output C:\WorkSpace\RGD\Left_ship -  (16) - gradle-4.6-start\app\build\intermediates\transforms\desugar\release\24.jar --input C:\WorkSpace\RGD\Left_ship -  (16) - gradle-4.6-start\app\build\intermediates\transforms\stackFramesFixer\release\24.jar --output C:\WorkSpace\RGD\Left_ship -  (16) - gradle-4.6-start\app\build\intermediates\transforms\desugar\release\28.jar --input C:\WorkSpace\RGD\Left_ship -  (16) - gradle-4.6-start\app\build\intermediates\transforms\stackFramesFixer\release\8.jar --output C:\WorkSpace\RGD\Left_ship -  (16) - gradle-4.6-start\app\build\intermediates\transforms\desugar\release\12.jar --input C:\WorkSpace\RGD\Left_ship -  (16) - gradle-4.6-start\app\build\intermediates\transforms\stackFramesFixer\release\3.jar --output C:\WorkSpace\RGD\Left_ship -  (16) - gradle-4.6-start\app\build\intermediates\transforms\desugar\release\7.jar --classpath_entry C:\WorkSpace\RGD\Left_ship -  (16) - gradle-4.6-start\exampleui2\build\intermediates\intermediate-jars\release\classes.jar --classpath_entry C:\WorkSpace\RGD\Left_ship -  (16) - gradle-4.6-start\chatinput\build\intermediates\intermediate-jars\release\classes.jar --classpath_entry C:\WorkSpace\RGD\Left_ship -  (16) - gradle-4.6-start\imui\build\intermediates\intermediate-jars\release\classes.jar --classpath_entry C:\WorkSpace\RGD\Left_ship -  (16) - gradle-4.6-start\app\build\intermediates\classes\release --classpath_entry C:\WorkSpace\RGD\Left_ship -  (16) - gradle-4.6-start\app\build\intermediates\transforms\stackFramesFixer\release\0.jar --classpath_entry C:\WorkSpace\RGD\Left_ship -  (16) - gradle-4.6-start\app\build\intermediates\transforms\stackFramesFixer\release\1.jar --classpath_entry C:\WorkSpace\RGD\Left_ship -  (16) - gradle-4.6-start\app\build\intermediates\transforms\stackFramesFixer\release\2
java_class_path (initial): D:\TEMP\desugar_deploy.jar1486731347036584714
Launcher Type: SUN_STANDARD

Environment Variables:
JAVA_HOME=C:\Program Files\Java\jdk1.8.0_05
CLASSPATH=.;C:\Program Files\Java\jdk1.8.0_05\lib\dt.jar;C:\Program Files\Java\jdk1.8.0_05\lib\toos.jar;D:\Program Files\apache-ant-1.10.2\lib
PATH=C:\Windows\system32;C:\Windows;C:\Windows\System32\Wbem;C:\Windows\System32\WindowsPowerShell\v1.0\;C:\Program Files (x86)\Windows Kits\8.0\Windows Performance Toolkit\;C:\Program Files\Microsoft SQL Server\110\Tools\Binn\;D:\Matlab\runtime\win64;D:\Matlab\bin;D:\Matlab\polyspace\bin;C:\Program Files (x86)\NVIDIA Corporation\PhysX\Common;C:\Program Files\Microsoft SQL Server\Client SDK\ODBC\110\Tools\Binn\;C:\Program Files (x86)\Microsoft SQL Server\120\Tools\Binn\;C:\Program Files\Microsoft SQL Server\120\Tools\Binn\;C:\Program Files\Microsoft SQL Server\120\DTS\Binn\;C:\Program Files (x86)\Windows Kits\8.1\Windows Performance Toolkit\;C:\Program Files (x86)\QuickTime\QTSystem\;"C:\Program Files\Java\jdk1.8.0_05\bin;C:\Program Files\Java\jdk1.8.0_05\jre\bin;";D:\Android_Studio\SDK\platform-tools;D:\Program Files\UltraCompare;C:\WINDOWS\system32;C:\WINDOWS;C:\WINDOWS\System32\Wbem;C:\WINDOWS\System32\WindowsPowerShell\v1.0\;C:\Program Files\Java\jdk1.8.0_05\bin;D:\Android_Studio\SDK\platform-tools;D:\Program Files\apache-ant-1.10.2\bin;D:\Program Files\MySQL_Server\mysql-5.7.21-winx64\bin;D:\Program Files\Git\cmd;D:\Program Files\tortoisegit\bin;C:\Users\huoda\AppData\Local\Microsoft\WindowsApps;D:\A_Win10_Tools\;D:\Android_Studio\ANT\apache-ant-1.10.2\bin;;D:\Visual_Studio_Code\Microsoft VS Code\bin
USERNAME=huoda
OS=Windows_NT
PROCESSOR_IDENTIFIER=Intel64 Family 6 Model 158 Stepping 9, GenuineIntel



---------------  S Y S T E M  ---------------

OS: Windows 10.0 , 64 bit Build 16299 (10.0.16299.15)

CPU:total 8 (initial active 8) (4 cores per cpu, 2 threads per core) family 6 model 158 stepping 9, cmov, cx8, fxsr, mmx, sse, sse2, sse3, ssse3, sse4.1, sse4.2, popcnt, avx, avx2, aes, clmul, erms, 3dnowpref, lzcnt, ht, tsc, tscinvbit, bmi1, bmi2, adx

Memory: 4k page, physical 16663628k(666144k free), swap 20857932k(1948k free)

vm_info: OpenJDK 64-Bit Server VM (25.152-b01) for windows-amd64 JRE (1.8.0_152-release-915-b01), built by "builder" with MS VC++ 10.0 (VS2010)

time: Sun Apr 29 19:03:22 2018
elapsed time: 2 seconds (0d 0h 0m 2s)

