#
# There is insufficient memory for the Java Runtime Environment to continue.
# Native memory allocation (malloc) failed to allocate 262160 bytes for Chunk::new
# Possible reasons:
#   The system is out of physical RAM or swap space
#   In 32 bit mode, the process size limit was hit
# Possible solutions:
#   Reduce memory load on the system
#   Increase physical memory or swap space
#   Check if swap backing store is full
#   Use 64 bit Java on a 64 bit OS
#   Decrease Java heap size (-Xmx/-Xms)
#   Decrease number of Java threads
#   Decrease Java thread stack sizes (-Xss)
#   Set larger code cache with -XX:ReservedCodeCacheSize=
# This output file may be truncated or incomplete.
#
#  Out of Memory Error (allocation.cpp:390), pid=21028, tid=0x00000000000077b4
#
# JRE version: OpenJDK Runtime Environment (8.0_152-b01) (build 1.8.0_152-release-915-b01)
# Java VM: OpenJDK 64-Bit Server VM (25.152-b01 mixed mode windows-amd64 compressed oops)
# Failed to write core dump. Minidumps are not enabled by default on client versions of Windows
#

---------------  T H R E A D  ---------------

Current thread (0x0000000017c9c000):  JavaThread "C2 CompilerThread0" daemon [_thread_in_native, id=30644, stack(0x00000000184d0000,0x00000000185d0000)]

Stack: [0x00000000184d0000,0x00000000185d0000]
[error occurred during error reporting (printing stack bounds), id 0xc0000005]

Native frames: (J=compiled Java code, j=interpreted, Vv=VM code, C=native code)


Current CompileTask:
C2:   2634  884 %     4       org.objectweb.asm.ClassReader::a @ 645 (3587 bytes)


---------------  P R O C E S S  ---------------

Java Threads: ( => current thread )
  0x0000000017d04000 JavaThread "Service Thread" daemon [_thread_blocked, id=29180, stack(0x00000000188d0000,0x00000000189d0000)]
  0x0000000017cfe000 JavaThread "C1 CompilerThread3" daemon [_thread_blocked, id=27340, stack(0x00000000187d0000,0x00000000188d0000)]
  0x0000000017cf6000 JavaThread "C2 CompilerThread2" daemon [_thread_blocked, id=29984, stack(0x00000000186d0000,0x00000000187d0000)]
  0x0000000017cf5800 JavaThread "C2 CompilerThread1" daemon [_thread_blocked, id=30672, stack(0x00000000185d0000,0x00000000186d0000)]
=>0x0000000017c9c000 JavaThread "C2 CompilerThread0" daemon [_thread_in_native, id=30644, stack(0x00000000184d0000,0x00000000185d0000)]
  0x0000000017c9b000 JavaThread "Attach Listener" daemon [_thread_blocked, id=24780, stack(0x00000000183d0000,0x00000000184d0000)]
  0x0000000017cf0800 JavaThread "Signal Dispatcher" daemon [_thread_blocked, id=24764, stack(0x00000000182d0000,0x00000000183d0000)]
  0x000000000554e000 JavaThread "Finalizer" daemon [_thread_blocked, id=30344, stack(0x0000000018060000,0x0000000018160000)]
  0x0000000015d7b000 JavaThread "Reference Handler" daemon [_thread_blocked, id=30328, stack(0x0000000017b60000,0x0000000017c60000)]
  0x0000000005455000 JavaThread "main" [_thread_blocked, id=27160, stack(0x0000000005350000,0x0000000005450000)]

Other Threads:
  0x0000000015d77800 VMThread [stack: 0x0000000017a60000,0x0000000017b60000] [id=8984]
  0x0000000017d05000 WatcherThread [stack: 0x00000000189d0000,0x0000000018ad0000] [id=27472]

VM state:at safepoint (normal execution)

VM Mutex/Monitor currently owned by a thread:  ([mutex/lock_event])
[0x00000000054528d0] Threads_lock - owner thread: 0x0000000015d77800
[0x0000000005451ed0] Heap_lock - owner thread: 0x0000000005455000

Heap:
 PSYoungGen      total 18944K, used 18936K [0x00000000feb00000, 0x0000000100000000, 0x0000000100000000)
  eden space 16384K, 100% used [0x00000000feb00000,0x00000000ffb00000,0x00000000ffb00000)
  from space 2560K, 99% used [0x00000000ffb00000,0x00000000ffd7e020,0x00000000ffd80000)
  to   space 2560K, 73% used [0x00000000ffd80000,0x00000000fff58a48,0x0000000100000000)
 ParOldGen       total 44032K, used 1564K [0x00000000fc000000, 0x00000000feb00000, 0x00000000feb00000)
  object space 44032K, 3% used [0x00000000fc000000,0x00000000fc1873a8,0x00000000feb00000)
 Metaspace       used 7562K, capacity 7724K, committed 7936K, reserved 1056768K
  class space    used 869K, capacity 956K, committed 1024K, reserved 1048576K

Card table byte_map: [0x0000000014910000,0x0000000014940000] byte_map_base: 0x0000000014130000

Marking Bits: (ParMarkBitMap*) 0x000000005e8f3950
 Begin Bits: [0x0000000015160000, 0x0000000015260000)
 End Bits:   [0x0000000015260000, 0x0000000015360000)

Polling page: 0x0000000003260000

CodeCache: size=245760Kb used=3388Kb max_used=3389Kb free=242371Kb
 bounds [0x0000000005550000, 0x00000000058b0000, 0x0000000014550000]
 total_blobs=1219 nmethods=885 adapters=248
 compilation: enabled

Compilation events (10 events):
Event: 2.613 Thread 0x0000000017cfe000 nmethod 866 0x0000000005887a90 code [0x0000000005887c00, 0x0000000005887e68]
Event: 2.613 Thread 0x0000000017cfe000  880       1       java.nio.Buffer::limit (5 bytes)
Event: 2.613 Thread 0x0000000017cfe000 nmethod 880 0x0000000005887790 code [0x00000000058878e0, 0x00000000058879f0]
Event: 2.626 Thread 0x0000000017cfe000  881       3       java.util.HashMap::<init> (11 bytes)
Event: 2.627 Thread 0x0000000017cfe000 nmethod 881 0x000000000588a050 code [0x000000000588a1c0, 0x000000000588a3d0]
Event: 2.627 Thread 0x0000000017cf5800  882       4       org.objectweb.asm.MethodVisitor::visitVarInsn (17 bytes)
Event: 2.630 Thread 0x0000000017cfe000  883       3       org.objectweb.asm.ClassVisitor::<init> (35 bytes)
Event: 2.631 Thread 0x0000000017cfe000 nmethod 883 0x0000000005889ad0 code [0x0000000005889c40, 0x0000000005889f48]
Event: 2.632 Thread 0x0000000017c9c000  884 %     4       org.objectweb.asm.ClassReader::a @ 645 (3587 bytes)
Event: 2.632 Thread 0x0000000017cfe000  885       3       org.objectweb.asm.ClassReader::a (162 bytes)

GC Heap History (2 events):
Event: 1.222 GC heap before
{Heap before GC invocations=1 (full 0):
 PSYoungGen      total 18944K, used 16384K [0x00000000feb00000, 0x0000000100000000, 0x0000000100000000)
  eden space 16384K, 100% used [0x00000000feb00000,0x00000000ffb00000,0x00000000ffb00000)
  from space 2560K, 0% used [0x00000000ffd80000,0x00000000ffd80000,0x0000000100000000)
  to   space 2560K, 0% used [0x00000000ffb00000,0x00000000ffb00000,0x00000000ffd80000)
 ParOldGen       total 44032K, used 0K [0x00000000fc000000, 0x00000000feb00000, 0x00000000feb00000)
  object space 44032K, 0% used [0x00000000fc000000,0x00000000fc000000,0x00000000feb00000)
 Metaspace       used 6572K, capacity 6682K, committed 6784K, reserved 1056768K
  class space    used 770K, capacity 823K, committed 896K, reserved 1048576K
Event: 1.228 GC heap after
Heap after GC invocations=1 (full 0):
 PSYoungGen      total 18944K, used 2552K [0x00000000feb00000, 0x0000000100000000, 0x0000000100000000)
  eden space 16384K, 0% used [0x00000000feb00000,0x00000000feb00000,0x00000000ffb00000)
  from space 2560K, 99% used [0x00000000ffb00000,0x00000000ffd7e020,0x00000000ffd80000)
  to   space 2560K, 0% used [0x00000000ffd80000,0x00000000ffd80000,0x0000000100000000)
 ParOldGen       total 44032K, used 1556K [0x00000000fc000000, 0x00000000feb00000, 0x00000000feb00000)
  object space 44032K, 3% used [0x00000000fc000000,0x00000000fc1853a8,0x00000000feb00000)
 Metaspace       used 6572K, capacity 6682K, committed 6784K, reserved 1056768K
  class space    used 770K, capacity 823K, committed 896K, reserved 1048576K
}

Deoptimization events (10 events):
Event: 1.198 Thread 0x0000000005455000 Uncommon trap: reason=unstable_if action=reinterpret pc=0x000000000576e6d8 method=java.util.zip.ZipCoder.decoder()Ljava/nio/charset/CharsetDecoder; @ 4
Event: 1.198 Thread 0x0000000005455000 Uncommon trap: reason=unstable_if action=reinterpret pc=0x000000000576f398 method=java.util.zip.ZipEntry.setExtra0([BZ)V @ 1
Event: 1.204 Thread 0x0000000005455000 Uncommon trap: reason=unstable_if action=reinterpret pc=0x00000000057786ac method=java.util.zip.ZipCoder.decoder()Ljava/nio/charset/CharsetDecoder; @ 4
Event: 1.206 Thread 0x0000000005455000 Uncommon trap: reason=unstable_if action=reinterpret pc=0x0000000005770980 method=java.util.zip.ZipCoder.decoder()Ljava/nio/charset/CharsetDecoder; @ 4
Event: 1.331 Thread 0x0000000005455000 Uncommon trap: reason=unstable_if action=reinterpret pc=0x0000000005784840 method=java.util.zip.ZipCoder.decoder()Ljava/nio/charset/CharsetDecoder; @ 4
Event: 1.332 Thread 0x0000000005455000 Uncommon trap: reason=unstable_if action=reinterpret pc=0x00000000057871f8 method=java.util.zip.ZipCoder.decoder()Ljava/nio/charset/CharsetDecoder; @ 4
Event: 1.403 Thread 0x0000000005455000 Uncommon trap: reason=unloaded action=reinterpret pc=0x0000000005781abc method=java.util.zip.ZipEntry.setExtra0([BZ)V @ 37
Event: 1.974 Thread 0x0000000005455000 Uncommon trap: reason=unstable_if action=reinterpret pc=0x00000000056f25f8 method=java.lang.String.<init>([CII)V @ 18
Event: 2.566 Thread 0x0000000005455000 Uncommon trap: reason=unstable_if action=reinterpret pc=0x0000000005861a0c method=org.objectweb.asm.Item.a(Lorg/objectweb/asm/Item;)Z @ 251
Event: 2.583 Thread 0x0000000005455000 Uncommon trap: reason=unstable_if action=reinterpret pc=0x000000000587edfc method=org.objectweb.asm.Type.getArgumentsAndReturnSizes(Ljava/lang/String;)I @ 41

Classes redefined (0 events):
No events

Internal exceptions (10 events):
Event: 1.412 Thread 0x0000000005455000 Exception <a 'sun/nio/fs/WindowsException'> (0x00000000ff21c650) thrown at [D:\src\AOSP-openjdk-cygwin\jdk8u\hotspot\src\share\vm\prims\jni.cpp, line 709]
Event: 1.412 Thread 0x0000000005455000 Exception <a 'sun/nio/fs/WindowsException'> (0x00000000ff21cb00) thrown at [D:\src\AOSP-openjdk-cygwin\jdk8u\hotspot\src\share\vm\prims\jni.cpp, line 709]
Event: 1.412 Thread 0x0000000005455000 Exception <a 'sun/nio/fs/WindowsException'> (0x00000000ff21d250) thrown at [D:\src\AOSP-openjdk-cygwin\jdk8u\hotspot\src\share\vm\prims\jni.cpp, line 709]
Event: 1.423 Thread 0x0000000005455000 Exception <a 'sun/nio/fs/WindowsException'> (0x00000000ff221d70) thrown at [D:\src\AOSP-openjdk-cygwin\jdk8u\hotspot\src\share\vm\prims\jni.cpp, line 709]
Event: 1.935 Thread 0x0000000005455000 Exception <a 'sun/nio/fs/WindowsException'> (0x00000000ff5b1168) thrown at [D:\src\AOSP-openjdk-cygwin\jdk8u\hotspot\src\share\vm\prims\jni.cpp, line 709]
Event: 1.935 Thread 0x0000000005455000 Exception <a 'sun/nio/fs/WindowsException'> (0x00000000ff5b1720) thrown at [D:\src\AOSP-openjdk-cygwin\jdk8u\hotspot\src\share\vm\prims\jni.cpp, line 709]
Event: 1.958 Thread 0x0000000005455000 Exception <a 'sun/nio/fs/WindowsException'> (0x00000000ff5bcce0) thrown at [D:\src\AOSP-openjdk-cygwin\jdk8u\hotspot\src\share\vm\prims\jni.cpp, line 709]
Event: 1.959 Thread 0x0000000005455000 Exception <a 'sun/nio/fs/WindowsException'> (0x00000000ff5bd218) thrown at [D:\src\AOSP-openjdk-cygwin\jdk8u\hotspot\src\share\vm\prims\jni.cpp, line 709]
Event: 2.601 Thread 0x0000000005455000 Exception <a 'sun/nio/fs/WindowsException'> (0x00000000ffa81248) thrown at [D:\src\AOSP-openjdk-cygwin\jdk8u\hotspot\src\share\vm\prims\jni.cpp, line 709]
Event: 2.601 Thread 0x0000000005455000 Exception <a 'sun/nio/fs/WindowsException'> (0x00000000ffa81780) thrown at [D:\src\AOSP-openjdk-cygwin\jdk8u\hotspot\src\share\vm\prims\jni.cpp, line 709]

Events (10 events):
Event: 2.409 loading class org/objectweb/asm/tree/TryCatchBlockNode
Event: 2.409 loading class org/objectweb/asm/tree/TryCatchBlockNode done
Event: 2.409 loading class org/objectweb/asm/Handler
Event: 2.409 loading class org/objectweb/asm/Handler done
Event: 2.566 Thread 0x0000000005455000 Uncommon trap: trap_request=0xffffff65 fr.pc=0x0000000005861a0c
Event: 2.566 Thread 0x0000000005455000 DEOPT PACKING pc=0x0000000005861a0c sp=0x000000000544e880
Event: 2.566 Thread 0x0000000005455000 DEOPT UNPACKING pc=0x000000000559556a sp=0x000000000544e818 mode 2
Event: 2.581 Thread 0x0000000005455000 Uncommon trap: trap_request=0xffffff65 fr.pc=0x000000000587edfc
Event: 2.583 Thread 0x0000000005455000 DEOPT PACKING pc=0x000000000587edfc sp=0x000000000544e9f0
Event: 2.583 Thread 0x0000000005455000 DEOPT UNPACKING pc=0x000000000559556a sp=0x000000000544e978 mode 2


Dynamic libraries:
0x00007ff678020000 - 0x00007ff678051000 	D:\Android_Studio\Android_Studio3.0\jre\bin\java.exe
0x00007ffa212a0000 - 0x00007ffa21480000 	C:\WINDOWS\SYSTEM32\ntdll.dll
0x00007ffa1f580000 - 0x00007ffa1f62e000 	C:\WINDOWS\System32\KERNEL32.DLL
0x00007ffa1daa0000 - 0x00007ffa1dd06000 	C:\WINDOWS\System32\KERNELBASE.dll
0x00007ffa1ecf0000 - 0x00007ffa1ed91000 	C:\WINDOWS\System32\ADVAPI32.dll
0x00007ffa1e7d0000 - 0x00007ffa1e86d000 	C:\WINDOWS\System32\msvcrt.dll
0x00007ffa1e770000 - 0x00007ffa1e7cb000 	C:\WINDOWS\System32\sechost.dll
0x00007ffa1eb90000 - 0x00007ffa1ecaf000 	C:\WINDOWS\System32\RPCRT4.dll
0x00007ffa1f250000 - 0x00007ffa1f3df000 	C:\WINDOWS\System32\USER32.dll
0x00007ffa1e750000 - 0x00007ffa1e770000 	C:\WINDOWS\System32\win32u.dll
0x00007ffa1f550000 - 0x00007ffa1f578000 	C:\WINDOWS\System32\GDI32.dll
0x00007ffa1d900000 - 0x00007ffa1da93000 	C:\WINDOWS\System32\gdi32full.dll
0x00007ffa1dd10000 - 0x00007ffa1ddab000 	C:\WINDOWS\System32\msvcp_win.dll
0x00007ffa1d7b0000 - 0x00007ffa1d8a6000 	C:\WINDOWS\System32\ucrtbase.dll
0x00007ffa0d730000 - 0x00007ffa0d999000 	C:\WINDOWS\WinSxS\amd64_microsoft.windows.common-controls_6595b64144ccf1df_6.0.16299.371_none_15c7d1789365a290\COMCTL32.dll
0x00007ffa1f9e0000 - 0x00007ffa1fce8000 	C:\WINDOWS\System32\combase.dll
0x00007ffa1e6d0000 - 0x00007ffa1e742000 	C:\WINDOWS\System32\bcryptPrimitives.dll
0x00007ffa1ecb0000 - 0x00007ffa1ecdd000 	C:\WINDOWS\System32\IMM32.DLL
0x00007ffa1d580000 - 0x00007ffa1d5ee000 	C:\WINDOWS\System32\dtrampo.dll
0x000000005e050000 - 0x000000005e122000 	D:\Android_Studio\Android_Studio3.0\jre\jre\bin\msvcr100.dll
0x000000005e130000 - 0x000000005e96e000 	D:\Android_Studio\Android_Studio3.0\jre\jre\bin\server\jvm.dll
0x00007ffa1fda0000 - 0x00007ffa1fda8000 	C:\WINDOWS\System32\PSAPI.DLL
0x00007ffa1a200000 - 0x00007ffa1a209000 	C:\WINDOWS\SYSTEM32\WSOCK32.dll
0x00007ffa1e870000 - 0x00007ffa1e8dc000 	C:\WINDOWS\System32\WS2_32.dll
0x00007ffa16950000 - 0x00007ffa16973000 	C:\WINDOWS\SYSTEM32\WINMM.dll
0x00007ffa11af0000 - 0x00007ffa11afa000 	C:\WINDOWS\SYSTEM32\VERSION.dll
0x00007ffa166f0000 - 0x00007ffa1671a000 	C:\WINDOWS\SYSTEM32\WINMMBASE.dll
0x0000000005300000 - 0x000000000534a000 	C:\WINDOWS\System32\cfgmgr32.dll
0x00007ffa19390000 - 0x00007ffa1939f000 	D:\Android_Studio\Android_Studio3.0\jre\jre\bin\verify.dll
0x00007ffa17780000 - 0x00007ffa177a9000 	D:\Android_Studio\Android_Studio3.0\jre\jre\bin\java.dll
0x00007ffa17e60000 - 0x00007ffa17e76000 	D:\Android_Studio\Android_Studio3.0\jre\jre\bin\zip.dll
0x00007ffa1fdb0000 - 0x00007ffa211e6000 	C:\WINDOWS\System32\SHELL32.dll
0x00007ffa1fcf0000 - 0x00007ffa1fd96000 	C:\WINDOWS\System32\shcore.dll
0x00007ffa1ddb0000 - 0x00007ffa1e4f7000 	C:\WINDOWS\System32\windows.storage.dll
0x00007ffa1eda0000 - 0x00007ffa1edf1000 	C:\WINDOWS\System32\shlwapi.dll
0x00007ffa1d660000 - 0x00007ffa1d671000 	C:\WINDOWS\System32\kernel.appcore.dll
0x00007ffa1d610000 - 0x00007ffa1d65c000 	C:\WINDOWS\System32\powrprof.dll
0x00007ffa1d5f0000 - 0x00007ffa1d60b000 	C:\WINDOWS\System32\profapi.dll
0x00007ffa1cfd0000 - 0x00007ffa1cfe7000 	C:\WINDOWS\SYSTEM32\CRYPTSP.dll
0x00007ffa1ca10000 - 0x00007ffa1ca43000 	C:\WINDOWS\system32\rsaenh.dll
0x00007ffa1d0e0000 - 0x00007ffa1d105000 	C:\WINDOWS\SYSTEM32\bcrypt.dll
0x00007ffa1d4b0000 - 0x00007ffa1d4d9000 	C:\WINDOWS\SYSTEM32\USERENV.dll
0x00007ffa1cff0000 - 0x00007ffa1cffb000 	C:\WINDOWS\SYSTEM32\CRYPTBASE.dll
0x00007ffa17300000 - 0x00007ffa1731a000 	D:\Android_Studio\Android_Studio3.0\jre\jre\bin\net.dll
0x00007ffa1ce10000 - 0x00007ffa1ce76000 	C:\WINDOWS\system32\mswsock.dll
0x00007ffa1cba0000 - 0x00007ffa1cbd9000 	C:\WINDOWS\SYSTEM32\IPHLPAPI.DLL
0x00007ffa1ece0000 - 0x00007ffa1ece8000 	C:\WINDOWS\System32\NSI.dll
0x00007ffa183b0000 - 0x00007ffa183c6000 	C:\WINDOWS\SYSTEM32\dhcpcsvc6.DLL
0x00007ffa18230000 - 0x00007ffa1824a000 	C:\WINDOWS\SYSTEM32\dhcpcsvc.DLL
0x00007ffa17270000 - 0x00007ffa17281000 	D:\Android_Studio\Android_Studio3.0\jre\jre\bin\nio.dll

VM Arguments:
jvm_args: -Djava.awt.headless=true -Xmx64M -Dfile.encoding=GBK -Duser.country=CN -Duser.language=zh -Duser.variant 
java_command: com.google.devtools.build.android.desugar.Desugar --input C:\WorkSpace\RGD\Left_ship -  (16) - gradle-4.6-start\app\build\intermediates\transforms\stackFramesFixer\release\9.jar --output C:\WorkSpace\RGD\Left_ship -  (16) - gradle-4.6-start\app\build\intermediates\transforms\desugar\release\13.jar --input C:\WorkSpace\RGD\Left_ship -  (16) - gradle-4.6-start\chatinput\build\intermediates\intermediate-jars\release\classes.jar --output C:\WorkSpace\RGD\Left_ship -  (16) - gradle-4.6-start\app\build\intermediates\transforms\desugar\release\1.jar --input C:\WorkSpace\RGD\Left_ship -  (16) - gradle-4.6-start\app\build\intermediates\transforms\stackFramesFixer\release\5.jar --output C:\WorkSpace\RGD\Left_ship -  (16) - gradle-4.6-start\app\build\intermediates\transforms\desugar\release\9.jar --input C:\WorkSpace\RGD\Left_ship -  (16) - gradle-4.6-start\app\build\intermediates\transforms\stackFramesFixer\release\13.jar --output C:\WorkSpace\RGD\Left_ship -  (16) - gradle-4.6-start\app\build\intermediates\transforms\desugar\release\17.jar --classpath_entry C:\WorkSpace\RGD\Left_ship -  (16) - gradle-4.6-start\exampleui2\build\intermediates\intermediate-jars\release\classes.jar --classpath_entry C:\WorkSpace\RGD\Left_ship -  (16) - gradle-4.6-start\chatinput\build\intermediates\intermediate-jars\release\classes.jar --classpath_entry C:\WorkSpace\RGD\Left_ship -  (16) - gradle-4.6-start\imui\build\intermediates\intermediate-jars\release\classes.jar --classpath_entry C:\WorkSpace\RGD\Left_ship -  (16) - gradle-4.6-start\app\build\intermediates\classes\release --classpath_entry C:\WorkSpace\RGD\Left_ship -  (16) - gradle-4.6-start\app\build\intermediates\transforms\stackFramesFixer\release\0.jar --classpath_entry C:\WorkSpace\RGD\Left_ship -  (16) - gradle-4.6-start\app\build\intermediates\transforms\stackFramesFixer\release\1.jar --classpath_entry C:\WorkSpace\RGD\Left_ship -  (16) - gradle-4.6-start\app\build\intermediates\transforms\stackFramesFixer\release\2
java_class_path (initial): D:\TEMP\desugar_deploy.jar9039264825009536126
Launcher Type: SUN_STANDARD

Environment Variables:
JAVA_HOME=C:\Program Files\Java\jdk1.8.0_05
CLASSPATH=.;C:\Program Files\Java\jdk1.8.0_05\lib\dt.jar;C:\Program Files\Java\jdk1.8.0_05\lib\toos.jar;D:\Program Files\apache-ant-1.10.2\lib
PATH=C:\Windows\system32;C:\Windows;C:\Windows\System32\Wbem;C:\Windows\System32\WindowsPowerShell\v1.0\;C:\Program Files (x86)\Windows Kits\8.0\Windows Performance Toolkit\;C:\Program Files\Microsoft SQL Server\110\Tools\Binn\;D:\Matlab\runtime\win64;D:\Matlab\bin;D:\Matlab\polyspace\bin;C:\Program Files (x86)\NVIDIA Corporation\PhysX\Common;C:\Program Files\Microsoft SQL Server\Client SDK\ODBC\110\Tools\Binn\;C:\Program Files (x86)\Microsoft SQL Server\120\Tools\Binn\;C:\Program Files\Microsoft SQL Server\120\Tools\Binn\;C:\Program Files\Microsoft SQL Server\120\DTS\Binn\;C:\Program Files (x86)\Windows Kits\8.1\Windows Performance Toolkit\;C:\Program Files (x86)\QuickTime\QTSystem\;"C:\Program Files\Java\jdk1.8.0_05\bin;C:\Program Files\Java\jdk1.8.0_05\jre\bin;";D:\Android_Studio\SDK\platform-tools;D:\Program Files\UltraCompare;C:\WINDOWS\system32;C:\WINDOWS;C:\WINDOWS\System32\Wbem;C:\WINDOWS\System32\WindowsPowerShell\v1.0\;C:\Program Files\Java\jdk1.8.0_05\bin;D:\Android_Studio\SDK\platform-tools;D:\Program Files\apache-ant-1.10.2\bin;D:\Program Files\MySQL_Server\mysql-5.7.21-winx64\bin;D:\Program Files\Git\cmd;D:\Program Files\tortoisegit\bin;C:\Users\huoda\AppData\Local\Microsoft\WindowsApps;D:\A_Win10_Tools\;D:\Android_Studio\ANT\apache-ant-1.10.2\bin;;D:\Visual_Studio_Code\Microsoft VS Code\bin
USERNAME=huoda
OS=Windows_NT
PROCESSOR_IDENTIFIER=Intel64 Family 6 Model 158 Stepping 9, GenuineIntel



---------------  S Y S T E M  ---------------

OS: Windows 10.0 , 64 bit Build 16299 (10.0.16299.15)

CPU:total 8 (initial active 8) (4 cores per cpu, 2 threads per core) family 6 model 158 stepping 9, cmov, cx8, fxsr, mmx, sse, sse2, sse3, ssse3, sse4.1, sse4.2, popcnt, avx, avx2, aes, clmul, erms, 3dnowpref, lzcnt, ht, tsc, tscinvbit, bmi1, bmi2, adx

Memory: 4k page, physical 16663628k(1690832k free), swap 20857932k(1200k free)

vm_info: OpenJDK 64-Bit Server VM (25.152-b01) for windows-amd64 JRE (1.8.0_152-release-915-b01), built by "builder" with MS VC++ 10.0 (VS2010)

time: Mon Apr 30 17:24:58 2018
elapsed time: 2 seconds (0d 0h 0m 2s)

