#
# There is insufficient memory for the Java Runtime Environment to continue.
# Native memory allocation (malloc) failed to allocate 1048576 bytes for AllocateHeap
# Possible reasons:
#   The system is out of physical RAM or swap space
#   In 32 bit mode, the process size limit was hit
# Possible solutions:
#   Reduce memory load on the system
#   Increase physical memory or swap space
#   Check if swap backing store is full
#   Use 64 bit Java on a 64 bit OS
#   Decrease Java heap size (-Xmx/-Xms)
#   Decrease number of Java threads
#   Decrease Java thread stack sizes (-Xss)
#   Set larger code cache with -XX:ReservedCodeCacheSize=
# This output file may be truncated or incomplete.
#
#  Out of Memory Error (memory/allocation.inline.hpp:61), pid=35884, tid=0x0000000000009238
#
# JRE version:  (8.0_152-b01) (build )
# Java VM: OpenJDK 64-Bit Server VM (25.152-b01 mixed mode windows-amd64 compressed oops)
# Failed to write core dump. Minidumps are not enabled by default on client versions of Windows
#

---------------  T H R E A D  ---------------

Current thread (0x0000000004834800):  JavaThread "Unknown thread" [_thread_in_vm, id=37432, stack(0x00000000046b0000,0x00000000047b0000)]

Stack: [0x00000000046b0000,0x00000000047b0000]
[error occurred during error reporting (printing stack bounds), id 0xc0000005]

Native frames: (J=compiled Java code, j=interpreted, Vv=VM code, C=native code)


---------------  P R O C E S S  ---------------

Java Threads: ( => current thread )

Other Threads:

=>0x0000000004834800 (exited) JavaThread "Unknown thread" [_thread_in_vm, id=37432, stack(0x00000000046b0000,0x00000000047b0000)]

VM state:not at safepoint (normal execution)

VM Mutex/Monitor currently owned by a thread: None

Heap:
 PSYoungGen      total 18944K, used 327K [0x00000000feb00000, 0x0000000100000000, 0x0000000100000000)
  eden space 16384K, 2% used [0x00000000feb00000,0x00000000feb51ec8,0x00000000ffb00000)
  from space 2560K, 0% used [0x00000000ffd80000,0x00000000ffd80000,0x0000000100000000)
  to   space 2560K, 0% used [0x00000000ffb00000,0x00000000ffb00000,0x00000000ffd80000)
 ParOldGen       total 44032K, used 0K [0x00000000fc000000, 0x00000000feb00000, 0x00000000feb00000)
  object space 44032K, 0% used [0x00000000fc000000,0x00000000fc000000,0x00000000feb00000)
 Metaspace       used 783K, capacity 1156K, committed 1408K, reserved 1060864K
  class space    used 73K, capacity 384K, committed 384K, reserved 1048576K

Card table byte_map: [0x00000000047d0000,0x0000000004800000] byte_map_base: 0x0000000003ff0000

Marking Bits: (ParMarkBitMap*) 0x00000000759a3950
 Begin Bits: [0x00000000144f0000, 0x00000000145f0000)
 End Bits:   [0x00000000145f0000, 0x00000000146f0000)

Polling page: 0x0000000002630000

CodeCache: size=245760Kb used=328Kb max_used=328Kb free=245431Kb
 bounds [0x0000000004930000, 0x0000000004ba0000, 0x0000000013930000]
 total_blobs=57 nmethods=0 adapters=38
 compilation: enabled

Compilation events (0 events):
No events

GC Heap History (0 events):
No events

Deoptimization events (0 events):
No events

Classes redefined (0 events):
No events

Internal exceptions (0 events):
No events

Events (10 events):
Event: 0.024 loading class java/lang/Short
Event: 0.024 loading class java/lang/Short done
Event: 0.024 loading class java/lang/Integer
Event: 0.024 loading class java/lang/Integer done
Event: 0.024 loading class java/lang/Long
Event: 0.025 loading class java/lang/Long done
Event: 0.025 loading class java/lang/NullPointerException
Event: 0.025 loading class java/lang/NullPointerException done
Event: 0.025 loading class java/lang/ArithmeticException
Event: 0.025 loading class java/lang/ArithmeticException done


Dynamic libraries:
0x00007ff70b8f0000 - 0x00007ff70b921000 	D:\Android_Studio\Android_Studio3.0\jre\bin\java.exe
0x00007ffa1ffd0000 - 0x00007ffa201b0000 	C:\WINDOWS\SYSTEM32\ntdll.dll
0x00007ffa1fe90000 - 0x00007ffa1ff3e000 	C:\WINDOWS\System32\KERNEL32.DLL
0x00007ffa1cd90000 - 0x00007ffa1cff6000 	C:\WINDOWS\System32\KERNELBASE.dll
0x00007ffa1fa30000 - 0x00007ffa1fad1000 	C:\WINDOWS\System32\ADVAPI32.dll
0x00007ffa1d500000 - 0x00007ffa1d59d000 	C:\WINDOWS\System32\msvcrt.dll
0x00007ffa1f9d0000 - 0x00007ffa1fa2b000 	C:\WINDOWS\System32\sechost.dll
0x00007ffa1d7b0000 - 0x00007ffa1d8cf000 	C:\WINDOWS\System32\RPCRT4.dll
0x00007ffa1fd00000 - 0x00007ffa1fe8f000 	C:\WINDOWS\System32\USER32.dll
0x00007ffa1d220000 - 0x00007ffa1d240000 	C:\WINDOWS\System32\win32u.dll
0x00007ffa1ff70000 - 0x00007ffa1ff98000 	C:\WINDOWS\System32\GDI32.dll
0x00007ffa1d000000 - 0x00007ffa1d193000 	C:\WINDOWS\System32\gdi32full.dll
0x00007ffa1c5a0000 - 0x00007ffa1c63b000 	C:\WINDOWS\System32\msvcp_win.dll
0x00007ffa1d290000 - 0x00007ffa1d386000 	C:\WINDOWS\System32\ucrtbase.dll
0x00007ffa0b420000 - 0x00007ffa0b689000 	C:\WINDOWS\WinSxS\amd64_microsoft.windows.common-controls_6595b64144ccf1df_6.0.16299.371_none_15c7d1789365a290\COMCTL32.dll
0x00007ffa1d980000 - 0x00007ffa1dc88000 	C:\WINDOWS\System32\combase.dll
0x00007ffa1d1a0000 - 0x00007ffa1d212000 	C:\WINDOWS\System32\bcryptPrimitives.dll
0x00007ffa1dd30000 - 0x00007ffa1dd5d000 	C:\WINDOWS\System32\IMM32.DLL
0x00007ffa1c2b0000 - 0x00007ffa1c31e000 	C:\WINDOWS\System32\dtrampo.dll
0x0000000075020000 - 0x00000000750f2000 	D:\Android_Studio\Android_Studio3.0\jre\jre\bin\msvcr100.dll
0x00000000751e0000 - 0x0000000075a1e000 	D:\Android_Studio\Android_Studio3.0\jre\jre\bin\server\jvm.dll
0x00007ffa1ff40000 - 0x00007ffa1ff48000 	C:\WINDOWS\System32\PSAPI.DLL
0x00007ffa18ef0000 - 0x00007ffa18ef9000 	C:\WINDOWS\SYSTEM32\WSOCK32.dll
0x00007ffa1e430000 - 0x00007ffa1e49c000 	C:\WINDOWS\System32\WS2_32.dll
0x00007ffa167f0000 - 0x00007ffa16813000 	C:\WINDOWS\SYSTEM32\WINMM.dll
0x00007ffa11c00000 - 0x00007ffa11c0a000 	C:\WINDOWS\SYSTEM32\VERSION.dll
0x00007ffa16790000 - 0x00007ffa167ba000 	C:\WINDOWS\SYSTEM32\WINMMBASE.dll
0x00007ffa1d240000 - 0x00007ffa1d28a000 	C:\WINDOWS\System32\cfgmgr32.dll
0x00007ffa18eb0000 - 0x00007ffa18ebf000 	D:\Android_Studio\Android_Studio3.0\jre\jre\bin\verify.dll
0x00007ffa10160000 - 0x00007ffa10189000 	D:\Android_Studio\Android_Studio3.0\jre\jre\bin\java.dll
0x00007ffa18e20000 - 0x00007ffa18e36000 	D:\Android_Studio\Android_Studio3.0\jre\jre\bin\zip.dll

VM Arguments:
jvm_args: -Djava.awt.headless=true -Xmx64M -Dfile.encoding=GBK -Duser.country=CN -Duser.language=zh -Duser.variant 
java_command: com.google.devtools.build.android.desugar.Desugar --input C:\WorkSpace\RGD\Left_ship -  (16) - gradle-4.6-start\app\build\intermediates\transforms\stackFramesFixer\release\10.jar --output C:\WorkSpace\RGD\Left_ship -  (16) - gradle-4.6-start\app\build\intermediates\transforms\desugar\release\14.jar --input C:\WorkSpace\RGD\Left_ship -  (16) - gradle-4.6-start\app\build\intermediates\transforms\stackFramesFixer\release\19.jar --output C:\WorkSpace\RGD\Left_ship -  (16) - gradle-4.6-start\app\build\intermediates\transforms\desugar\release\23.jar --input C:\WorkSpace\RGD\Left_ship -  (16) - gradle-4.6-start\app\build\intermediates\transforms\stackFramesFixer\release\2.jar --output C:\WorkSpace\RGD\Left_ship -  (16) - gradle-4.6-start\app\build\intermediates\transforms\desugar\release\6.jar --input C:\WorkSpace\RGD\Left_ship -  (16) - gradle-4.6-start\app\build\intermediates\transforms\stackFramesFixer\release\17.jar --output C:\WorkSpace\RGD\Left_ship -  (16) - gradle-4.6-start\app\build\intermediates\transforms\desugar\release\21.jar --classpath_entry C:\WorkSpace\RGD\Left_ship -  (16) - gradle-4.6-start\exampleui2\build\intermediates\intermediate-jars\release\classes.jar --classpath_entry C:\WorkSpace\RGD\Left_ship -  (16) - gradle-4.6-start\chatinput\build\intermediates\intermediate-jars\release\classes.jar --classpath_entry C:\WorkSpace\RGD\Left_ship -  (16) - gradle-4.6-start\imui\build\intermediates\intermediate-jars\release\classes.jar --classpath_entry C:\WorkSpace\RGD\Left_ship -  (16) - gradle-4.6-start\app\build\intermediates\classes\release --classpath_entry C:\WorkSpace\RGD\Left_ship -  (16) - gradle-4.6-start\app\build\intermediates\transforms\stackFramesFixer\release\0.jar --classpath_entry C:\WorkSpace\RGD\Left_ship -  (16) - gradle-4.6-start\app\build\intermediates\transforms\stackFramesFixer\release\1.jar --classpath_entry C:\WorkSpace\RGD\Left_ship -  (16) - gradle-4.6-start\app\build\intermediates\transforms\stackFramesFixer\release\
java_class_path (initial): D:\TEMP\desugar_deploy.jar1486731347036584714
Launcher Type: SUN_STANDARD

Environment Variables:
JAVA_HOME=C:\Program Files\Java\jdk1.8.0_05
CLASSPATH=.;C:\Program Files\Java\jdk1.8.0_05\lib\dt.jar;C:\Program Files\Java\jdk1.8.0_05\lib\toos.jar;D:\Program Files\apache-ant-1.10.2\lib
PATH=C:\Windows\system32;C:\Windows;C:\Windows\System32\Wbem;C:\Windows\System32\WindowsPowerShell\v1.0\;C:\Program Files (x86)\Windows Kits\8.0\Windows Performance Toolkit\;C:\Program Files\Microsoft SQL Server\110\Tools\Binn\;D:\Matlab\runtime\win64;D:\Matlab\bin;D:\Matlab\polyspace\bin;C:\Program Files (x86)\NVIDIA Corporation\PhysX\Common;C:\Program Files\Microsoft SQL Server\Client SDK\ODBC\110\Tools\Binn\;C:\Program Files (x86)\Microsoft SQL Server\120\Tools\Binn\;C:\Program Files\Microsoft SQL Server\120\Tools\Binn\;C:\Program Files\Microsoft SQL Server\120\DTS\Binn\;C:\Program Files (x86)\Windows Kits\8.1\Windows Performance Toolkit\;C:\Program Files (x86)\QuickTime\QTSystem\;"C:\Program Files\Java\jdk1.8.0_05\bin;C:\Program Files\Java\jdk1.8.0_05\jre\bin;";D:\Android_Studio\SDK\platform-tools;D:\Program Files\UltraCompare;C:\WINDOWS\system32;C:\WINDOWS;C:\WINDOWS\System32\Wbem;C:\WINDOWS\System32\WindowsPowerShell\v1.0\;C:\Program Files\Java\jdk1.8.0_05\bin;D:\Android_Studio\SDK\platform-tools;D:\Program Files\apache-ant-1.10.2\bin;D:\Program Files\MySQL_Server\mysql-5.7.21-winx64\bin;D:\Program Files\Git\cmd;D:\Program Files\tortoisegit\bin;C:\Users\huoda\AppData\Local\Microsoft\WindowsApps;D:\A_Win10_Tools\;D:\Android_Studio\ANT\apache-ant-1.10.2\bin;;D:\Visual_Studio_Code\Microsoft VS Code\bin
USERNAME=huoda
OS=Windows_NT
PROCESSOR_IDENTIFIER=Intel64 Family 6 Model 158 Stepping 9, GenuineIntel



---------------  S Y S T E M  ---------------

OS: Windows 10.0 , 64 bit Build 16299 (10.0.16299.15)

CPU:total 8 (initial active 8) (4 cores per cpu, 2 threads per core) family 6 model 158 stepping 9, cmov, cx8, fxsr, mmx, sse, sse2, sse3, ssse3, sse4.1, sse4.2, popcnt, avx, avx2, aes, clmul, erms, 3dnowpref, lzcnt, ht, tsc, tscinvbit, bmi1, bmi2, adx

Memory: 4k page, physical 16663628k(1110968k free), swap 20857932k(1080k free)

vm_info: OpenJDK 64-Bit Server VM (25.152-b01) for windows-amd64 JRE (1.8.0_152-release-915-b01), built by "builder" with MS VC++ 10.0 (VS2010)

time: Sun Apr 29 19:10:53 2018
elapsed time: 0 seconds (0d 0h 0m 0s)

