#
# There is insufficient memory for the Java Runtime Environment to continue.
# Native memory allocation (malloc) failed to allocate 234896 bytes for Chunk::new
# Possible reasons:
#   The system is out of physical RAM or swap space
#   In 32 bit mode, the process size limit was hit
# Possible solutions:
#   Reduce memory load on the system
#   Increase physical memory or swap space
#   Check if swap backing store is full
#   Use 64 bit Java on a 64 bit OS
#   Decrease Java heap size (-Xmx/-Xms)
#   Decrease number of Java threads
#   Decrease Java thread stack sizes (-Xss)
#   Set larger code cache with -XX:ReservedCodeCacheSize=
# This output file may be truncated or incomplete.
#
#  Out of Memory Error (allocation.cpp:390), pid=36944, tid=0x000000000000909c
#
# JRE version: OpenJDK Runtime Environment (8.0_152-b01) (build 1.8.0_152-release-915-b01)
# Java VM: OpenJDK 64-Bit Server VM (25.152-b01 mixed mode windows-amd64 compressed oops)
# Failed to write core dump. Minidumps are not enabled by default on client versions of Windows
#

---------------  T H R E A D  ---------------

Current thread (0x000000001752a800):  JavaThread "C2 CompilerThread2" daemon [_thread_in_native, id=37020, stack(0x0000000019a90000,0x0000000019b90000)]

Stack: [0x0000000019a90000,0x0000000019b90000]
[error occurred during error reporting (printing stack bounds), id 0xc0000005]

Native frames: (J=compiled Java code, j=interpreted, Vv=VM code, C=native code)


Current CompileTask:
C2:   2474  932       4       org.objectweb.asm.ClassReader::a (3587 bytes)


---------------  P R O C E S S  ---------------

Java Threads: ( => current thread )
  0x0000000017534000 JavaThread "Service Thread" daemon [_thread_blocked, id=36456, stack(0x0000000019c90000,0x0000000019d90000)]
  0x000000001752e800 JavaThread "C1 CompilerThread3" daemon [_thread_blocked, id=35228, stack(0x0000000019b90000,0x0000000019c90000)]
=>0x000000001752a800 JavaThread "C2 CompilerThread2" daemon [_thread_in_native, id=37020, stack(0x0000000019a90000,0x0000000019b90000)]
  0x0000000017528800 JavaThread "C2 CompilerThread1" daemon [_thread_blocked, id=37264, stack(0x0000000019990000,0x0000000019a90000)]
  0x0000000017523800 JavaThread "C2 CompilerThread0" daemon [_thread_in_native, id=37416, stack(0x0000000019890000,0x0000000019990000)]
  0x00000000174cb000 JavaThread "Attach Listener" daemon [_thread_blocked, id=37016, stack(0x0000000019790000,0x0000000019890000)]
  0x00000000174ca000 JavaThread "Signal Dispatcher" daemon [_thread_blocked, id=34140, stack(0x0000000019690000,0x0000000019790000)]
  0x00000000174b0800 JavaThread "Finalizer" daemon [_thread_blocked, id=35700, stack(0x0000000017890000,0x0000000017990000)]
  0x00000000155cb800 JavaThread "Reference Handler" daemon [_thread_blocked, id=37808, stack(0x0000000017390000,0x0000000017490000)]
  0x0000000004d25000 JavaThread "main" [_thread_in_Java, id=37624, stack(0x0000000004c20000,0x0000000004d20000)]

Other Threads:
  0x00000000155c7000 VMThread [stack: 0x0000000017290000,0x0000000017390000] [id=37032]
  0x0000000017535000 WatcherThread [stack: 0x0000000019d90000,0x0000000019e90000] [id=37852]

VM state:not at safepoint (normal execution)

VM Mutex/Monitor currently owned by a thread: None

Heap:
 PSYoungGen      total 18944K, used 10746K [0x00000000feb00000, 0x0000000100000000, 0x0000000100000000)
  eden space 16384K, 50% used [0x00000000feb00000,0x00000000ff3061c8,0x00000000ffb00000)
  from space 2560K, 98% used [0x00000000ffd80000,0x00000000ffff8850,0x0000000100000000)
  to   space 2560K, 0% used [0x00000000ffb00000,0x00000000ffb00000,0x00000000ffd80000)
 ParOldGen       total 44032K, used 5299K [0x00000000fc000000, 0x00000000feb00000, 0x00000000feb00000)
  object space 44032K, 12% used [0x00000000fc000000,0x00000000fc52ce88,0x00000000feb00000)
 Metaspace       used 7843K, capacity 8076K, committed 8192K, reserved 1056768K
  class space    used 899K, capacity 988K, committed 1024K, reserved 1048576K

Card table byte_map: [0x0000000004b90000,0x0000000004bc0000] byte_map_base: 0x00000000043b0000

Marking Bits: (ParMarkBitMap*) 0x00000000759a3950
 Begin Bits: [0x00000000149e0000, 0x0000000014ae0000)
 End Bits:   [0x0000000014ae0000, 0x0000000014be0000)

Polling page: 0x0000000004810000

CodeCache: size=245760Kb used=3846Kb max_used=3859Kb free=241913Kb
 bounds [0x0000000004e20000, 0x00000000051f0000, 0x0000000013e20000]
 total_blobs=1369 nmethods=1035 adapters=248
 compilation: enabled

Compilation events (10 events):
Event: 2.437 Thread 0x000000001752e800 1036       3       org.objectweb.asm.ClassWriter::b (70 bytes)
Event: 2.437 Thread 0x000000001752e800 nmethod 1036 0x00000000051df990 code [0x00000000051dfb40, 0x00000000051dff78]
Event: 2.438 Thread 0x0000000017528800 1037       4       org.objectweb.asm.tree.LineNumberNode::accept (16 bytes)
Event: 2.438 Thread 0x0000000017523800 nmethod 1035 0x00000000051dc810 code [0x00000000051dc960, 0x00000000051dca98]
Event: 2.438 Thread 0x0000000017523800 1038       4       org.objectweb.asm.ClassWriter::a (70 bytes)
Event: 2.439 Thread 0x0000000017528800 nmethod 1037 0x00000000051dc290 code [0x00000000051dc400, 0x00000000051dc5f8]
Event: 2.439 Thread 0x0000000017528800 1039       4       org.objectweb.asm.ClassReader::readUTF8 (60 bytes)
Event: 2.440 Thread 0x000000001752e800 1040       3       java.util.HashMap$HashIterator::<init> (79 bytes)
Event: 2.440 Thread 0x000000001752e800 nmethod 1040 0x00000000051dbc10 code [0x00000000051dbd80, 0x00000000051dc110]
Event: 2.450 Thread 0x0000000017528800 nmethod 1039 0x00000000051e8690 code [0x00000000051e8800, 0x00000000051e9018]

GC Heap History (4 events):
Event: 1.450 GC heap before
{Heap before GC invocations=1 (full 0):
 PSYoungGen      total 18944K, used 16384K [0x00000000feb00000, 0x0000000100000000, 0x0000000100000000)
  eden space 16384K, 100% used [0x00000000feb00000,0x00000000ffb00000,0x00000000ffb00000)
  from space 2560K, 0% used [0x00000000ffd80000,0x00000000ffd80000,0x0000000100000000)
  to   space 2560K, 0% used [0x00000000ffb00000,0x00000000ffb00000,0x00000000ffd80000)
 ParOldGen       total 44032K, used 0K [0x00000000fc000000, 0x00000000feb00000, 0x00000000feb00000)
  object space 44032K, 0% used [0x00000000fc000000,0x00000000fc000000,0x00000000feb00000)
 Metaspace       used 6598K, capacity 6746K, committed 7040K, reserved 1056768K
  class space    used 771K, capacity 823K, committed 896K, reserved 1048576K
Event: 1.483 GC heap after
Heap after GC invocations=1 (full 0):
 PSYoungGen      total 18944K, used 2536K [0x00000000feb00000, 0x0000000100000000, 0x0000000100000000)
  eden space 16384K, 0% used [0x00000000feb00000,0x00000000feb00000,0x00000000ffb00000)
  from space 2560K, 99% used [0x00000000ffb00000,0x00000000ffd7a030,0x00000000ffd80000)
  to   space 2560K, 0% used [0x00000000ffd80000,0x00000000ffd80000,0x0000000100000000)
 ParOldGen       total 44032K, used 1607K [0x00000000fc000000, 0x00000000feb00000, 0x00000000feb00000)
  object space 44032K, 3% used [0x00000000fc000000,0x00000000fc191c78,0x00000000feb00000)
 Metaspace       used 6598K, capacity 6746K, committed 7040K, reserved 1056768K
  class space    used 771K, capacity 823K, committed 896K, reserved 1048576K
}
Event: 2.147 GC heap before
{Heap before GC invocations=2 (full 0):
 PSYoungGen      total 18944K, used 18920K [0x00000000feb00000, 0x0000000100000000, 0x0000000100000000)
  eden space 16384K, 100% used [0x00000000feb00000,0x00000000ffb00000,0x00000000ffb00000)
  from space 2560K, 99% used [0x00000000ffb00000,0x00000000ffd7a030,0x00000000ffd80000)
  to   space 2560K, 0% used [0x00000000ffd80000,0x00000000ffd80000,0x0000000100000000)
 ParOldGen       total 44032K, used 1607K [0x00000000fc000000, 0x00000000feb00000, 0x00000000feb00000)
  object space 44032K, 3% used [0x00000000fc000000,0x00000000fc191c78,0x00000000feb00000)
 Metaspace       used 7743K, capacity 7948K, committed 8192K, reserved 1056768K
  class space    used 899K, capacity 988K, committed 1024K, reserved 1048576K
Event: 2.243 GC heap after
Heap after GC invocations=2 (full 0):
 PSYoungGen      total 18944K, used 2530K [0x00000000feb00000, 0x0000000100000000, 0x0000000100000000)
  eden space 16384K, 0% used [0x00000000feb00000,0x00000000feb00000,0x00000000ffb00000)
  from space 2560K, 98% used [0x00000000ffd80000,0x00000000ffff8850,0x0000000100000000)
  to   space 2560K, 0% used [0x00000000ffb00000,0x00000000ffb00000,0x00000000ffd80000)
 ParOldGen       total 44032K, used 5299K [0x00000000fc000000, 0x00000000feb00000, 0x00000000feb00000)
  object space 44032K, 12% used [0x00000000fc000000,0x00000000fc52ce88,0x00000000feb00000)
 Metaspace       used 7743K, capacity 7948K, committed 8192K, reserved 1056768K
  class space    used 899K, capacity 988K, committed 1024K, reserved 1048576K
}

Deoptimization events (10 events):
Event: 1.973 Thread 0x0000000004d25000 Uncommon trap: reason=unstable_if action=reinterpret pc=0x00000000050fa7ac method=java.lang.String.<init>([CII)V @ 18
Event: 2.281 Thread 0x0000000004d25000 Uncommon trap: reason=unstable_if action=reinterpret pc=0x000000000511d4e4 method=org.objectweb.asm.Item.a(Lorg/objectweb/asm/Item;)Z @ 345
Event: 2.416 Thread 0x0000000004d25000 Uncommon trap: reason=unstable_if action=reinterpret pc=0x0000000005165efc method=org.objectweb.asm.ClassReader.a(II[C)Ljava/lang/String; @ 77
Event: 2.417 Thread 0x0000000004d25000 Uncommon trap: reason=unstable_if action=reinterpret pc=0x0000000005162bdc method=org.objectweb.asm.ByteVector.putUTF8(Ljava/lang/String;)Lorg/objectweb/asm/ByteVector; @ 98
Event: 2.421 Thread 0x0000000004d25000 Uncommon trap: reason=unstable_if action=reinterpret pc=0x00000000051818f8 method=org.objectweb.asm.Type.getArgumentsAndReturnSizes(Ljava/lang/String;)I @ 130
Event: 2.421 Thread 0x0000000004d25000 Uncommon trap: reason=unstable_if action=reinterpret pc=0x000000000519bb38 method=org.objectweb.asm.MethodWriter.visitVarInsn(II)V @ 148
Event: 2.426 Thread 0x0000000004d25000 Uncommon trap: reason=class_check action=maybe_recompile pc=0x0000000005190448 method=org.objectweb.asm.tree.VarInsnNode.accept(Lorg/objectweb/asm/MethodVisitor;)V @ 9
Event: 2.426 Thread 0x0000000004d25000 Uncommon trap: reason=class_check action=maybe_recompile pc=0x0000000005190448 method=org.objectweb.asm.tree.VarInsnNode.accept(Lorg/objectweb/asm/MethodVisitor;)V @ 9
Event: 2.426 Thread 0x0000000004d25000 Uncommon trap: reason=class_check action=maybe_recompile pc=0x0000000005190448 method=org.objectweb.asm.tree.VarInsnNode.accept(Lorg/objectweb/asm/MethodVisitor;)V @ 9
Event: 2.426 Thread 0x0000000004d25000 Uncommon trap: reason=class_check action=maybe_recompile pc=0x0000000005190448 method=org.objectweb.asm.tree.VarInsnNode.accept(Lorg/objectweb/asm/MethodVisitor;)V @ 9

Classes redefined (0 events):
No events

Internal exceptions (10 events):
Event: 1.590 Thread 0x0000000004d25000 Exception <a 'sun/nio/fs/WindowsException'> (0x00000000ff1fe668) thrown at [D:\src\AOSP-openjdk-cygwin\jdk8u\hotspot\src\share\vm\prims\jni.cpp, line 709]
Event: 1.590 Thread 0x0000000004d25000 Exception <a 'sun/nio/fs/WindowsException'> (0x00000000ff1feb18) thrown at [D:\src\AOSP-openjdk-cygwin\jdk8u\hotspot\src\share\vm\prims\jni.cpp, line 709]
Event: 1.590 Thread 0x0000000004d25000 Exception <a 'sun/nio/fs/WindowsException'> (0x00000000ff1ff268) thrown at [D:\src\AOSP-openjdk-cygwin\jdk8u\hotspot\src\share\vm\prims\jni.cpp, line 709]
Event: 1.601 Thread 0x0000000004d25000 Exception <a 'sun/nio/fs/WindowsException'> (0x00000000ff203d88) thrown at [D:\src\AOSP-openjdk-cygwin\jdk8u\hotspot\src\share\vm\prims\jni.cpp, line 709]
Event: 1.790 Thread 0x0000000004d25000 Exception <a 'sun/nio/fs/WindowsException'> (0x00000000ff5931c0) thrown at [D:\src\AOSP-openjdk-cygwin\jdk8u\hotspot\src\share\vm\prims\jni.cpp, line 709]
Event: 1.790 Thread 0x0000000004d25000 Exception <a 'sun/nio/fs/WindowsException'> (0x00000000ff593778) thrown at [D:\src\AOSP-openjdk-cygwin\jdk8u\hotspot\src\share\vm\prims\jni.cpp, line 709]
Event: 1.806 Thread 0x0000000004d25000 Exception <a 'sun/nio/fs/WindowsException'> (0x00000000ff59ed30) thrown at [D:\src\AOSP-openjdk-cygwin\jdk8u\hotspot\src\share\vm\prims\jni.cpp, line 709]
Event: 1.806 Thread 0x0000000004d25000 Exception <a 'sun/nio/fs/WindowsException'> (0x00000000ff59f268) thrown at [D:\src\AOSP-openjdk-cygwin\jdk8u\hotspot\src\share\vm\prims\jni.cpp, line 709]
Event: 1.976 Thread 0x0000000004d25000 Exception <a 'sun/nio/fs/WindowsException'> (0x00000000ff8cd140) thrown at [D:\src\AOSP-openjdk-cygwin\jdk8u\hotspot\src\share\vm\prims\jni.cpp, line 709]
Event: 1.976 Thread 0x0000000004d25000 Exception <a 'sun/nio/fs/WindowsException'> (0x00000000ff8cd678) thrown at [D:\src\AOSP-openjdk-cygwin\jdk8u\hotspot\src\share\vm\prims\jni.cpp, line 709]

Events (10 events):
Event: 2.426 Thread 0x0000000004d25000 DEOPT UNPACKING pc=0x0000000004e6556a sp=0x0000000004d1e708 mode 2
Event: 2.426 Thread 0x0000000004d25000 Uncommon trap: trap_request=0xffffffde fr.pc=0x0000000005190448
Event: 2.426 Thread 0x0000000004d25000 DEOPT PACKING pc=0x0000000005190448 sp=0x0000000004d1e770
Event: 2.426 Thread 0x0000000004d25000 DEOPT UNPACKING pc=0x0000000004e6556a sp=0x0000000004d1e708 mode 2
Event: 2.426 Thread 0x0000000004d25000 Uncommon trap: trap_request=0xffffffde fr.pc=0x0000000005190448
Event: 2.426 Thread 0x0000000004d25000 DEOPT PACKING pc=0x0000000005190448 sp=0x0000000004d1e770
Event: 2.426 Thread 0x0000000004d25000 DEOPT UNPACKING pc=0x0000000004e6556a sp=0x0000000004d1e708 mode 2
Event: 2.426 Thread 0x0000000004d25000 Uncommon trap: trap_request=0xffffffde fr.pc=0x0000000005190448
Event: 2.426 Thread 0x0000000004d25000 DEOPT PACKING pc=0x0000000005190448 sp=0x0000000004d1e770
Event: 2.426 Thread 0x0000000004d25000 DEOPT UNPACKING pc=0x0000000004e6556a sp=0x0000000004d1e708 mode 2


Dynamic libraries:
0x00007ff70b8f0000 - 0x00007ff70b921000 	D:\Android_Studio\Android_Studio3.0\jre\bin\java.exe
0x00007ffa1ffd0000 - 0x00007ffa201b0000 	C:\WINDOWS\SYSTEM32\ntdll.dll
0x00007ffa1fe90000 - 0x00007ffa1ff3e000 	C:\WINDOWS\System32\KERNEL32.DLL
0x00007ffa1cd90000 - 0x00007ffa1cff6000 	C:\WINDOWS\System32\KERNELBASE.dll
0x00007ffa1fa30000 - 0x00007ffa1fad1000 	C:\WINDOWS\System32\ADVAPI32.dll
0x00007ffa1d500000 - 0x00007ffa1d59d000 	C:\WINDOWS\System32\msvcrt.dll
0x00007ffa1f9d0000 - 0x00007ffa1fa2b000 	C:\WINDOWS\System32\sechost.dll
0x00007ffa1d7b0000 - 0x00007ffa1d8cf000 	C:\WINDOWS\System32\RPCRT4.dll
0x00007ffa1fd00000 - 0x00007ffa1fe8f000 	C:\WINDOWS\System32\USER32.dll
0x00007ffa1d220000 - 0x00007ffa1d240000 	C:\WINDOWS\System32\win32u.dll
0x00007ffa1ff70000 - 0x00007ffa1ff98000 	C:\WINDOWS\System32\GDI32.dll
0x00007ffa1d000000 - 0x00007ffa1d193000 	C:\WINDOWS\System32\gdi32full.dll
0x00007ffa1c5a0000 - 0x00007ffa1c63b000 	C:\WINDOWS\System32\msvcp_win.dll
0x00007ffa1d290000 - 0x00007ffa1d386000 	C:\WINDOWS\System32\ucrtbase.dll
0x00007ffa0b420000 - 0x00007ffa0b689000 	C:\WINDOWS\WinSxS\amd64_microsoft.windows.common-controls_6595b64144ccf1df_6.0.16299.371_none_15c7d1789365a290\COMCTL32.dll
0x00007ffa1d980000 - 0x00007ffa1dc88000 	C:\WINDOWS\System32\combase.dll
0x00007ffa1d1a0000 - 0x00007ffa1d212000 	C:\WINDOWS\System32\bcryptPrimitives.dll
0x00007ffa1dd30000 - 0x00007ffa1dd5d000 	C:\WINDOWS\System32\IMM32.DLL
0x00007ffa1c2b0000 - 0x00007ffa1c31e000 	C:\WINDOWS\System32\dtrampo.dll
0x0000000075020000 - 0x00000000750f2000 	D:\Android_Studio\Android_Studio3.0\jre\jre\bin\msvcr100.dll
0x00000000751e0000 - 0x0000000075a1e000 	D:\Android_Studio\Android_Studio3.0\jre\jre\bin\server\jvm.dll
0x00007ffa1ff40000 - 0x00007ffa1ff48000 	C:\WINDOWS\System32\PSAPI.DLL
0x00007ffa18ef0000 - 0x00007ffa18ef9000 	C:\WINDOWS\SYSTEM32\WSOCK32.dll
0x00007ffa1e430000 - 0x00007ffa1e49c000 	C:\WINDOWS\System32\WS2_32.dll
0x00007ffa167f0000 - 0x00007ffa16813000 	C:\WINDOWS\SYSTEM32\WINMM.dll
0x00007ffa11c00000 - 0x00007ffa11c0a000 	C:\WINDOWS\SYSTEM32\VERSION.dll
0x00007ffa16790000 - 0x00007ffa167ba000 	C:\WINDOWS\SYSTEM32\WINMMBASE.dll
0x00007ffa1d240000 - 0x00007ffa1d28a000 	C:\WINDOWS\System32\cfgmgr32.dll
0x00007ffa18eb0000 - 0x00007ffa18ebf000 	D:\Android_Studio\Android_Studio3.0\jre\jre\bin\verify.dll
0x00007ffa10160000 - 0x00007ffa10189000 	D:\Android_Studio\Android_Studio3.0\jre\jre\bin\java.dll
0x00007ffa18e20000 - 0x00007ffa18e36000 	D:\Android_Studio\Android_Studio3.0\jre\jre\bin\zip.dll
0x00000000179f0000 - 0x0000000018e26000 	C:\WINDOWS\System32\SHELL32.dll
0x00007ffa1d8d0000 - 0x00007ffa1d976000 	C:\WINDOWS\System32\shcore.dll
0x0000000018e30000 - 0x0000000019577000 	C:\WINDOWS\System32\windows.storage.dll
0x00007ffa1d4a0000 - 0x00007ffa1d4f1000 	C:\WINDOWS\System32\shlwapi.dll
0x00007ffa1c320000 - 0x00007ffa1c331000 	C:\WINDOWS\System32\kernel.appcore.dll
0x00007ffa1c380000 - 0x00007ffa1c3cc000 	C:\WINDOWS\System32\powrprof.dll
0x00007ffa1c340000 - 0x00007ffa1c35b000 	C:\WINDOWS\System32\profapi.dll
0x00007ffa1bd00000 - 0x00007ffa1bd17000 	C:\WINDOWS\SYSTEM32\CRYPTSP.dll
0x00007ffa1b740000 - 0x00007ffa1b773000 	C:\WINDOWS\system32\rsaenh.dll
0x00007ffa1be10000 - 0x00007ffa1be35000 	C:\WINDOWS\SYSTEM32\bcrypt.dll
0x00007ffa1c1e0000 - 0x00007ffa1c209000 	C:\WINDOWS\SYSTEM32\USERENV.dll
0x00007ffa1bd20000 - 0x00007ffa1bd2b000 	C:\WINDOWS\SYSTEM32\CRYPTBASE.dll
0x00007ffa18050000 - 0x00007ffa1806a000 	D:\Android_Studio\Android_Studio3.0\jre\jre\bin\net.dll
0x00007ffa1bb40000 - 0x00007ffa1bba6000 	C:\WINDOWS\system32\mswsock.dll
0x00007ffa1b8d0000 - 0x00007ffa1b909000 	C:\WINDOWS\SYSTEM32\IPHLPAPI.DLL
0x00007ffa1e4a0000 - 0x00007ffa1e4a8000 	C:\WINDOWS\System32\NSI.dll
0x00007ffa16b60000 - 0x00007ffa16b76000 	C:\WINDOWS\SYSTEM32\dhcpcsvc6.DLL
0x00007ffa16b40000 - 0x00007ffa16b5a000 	C:\WINDOWS\SYSTEM32\dhcpcsvc.DLL
0x00007ffa17300000 - 0x00007ffa17311000 	D:\Android_Studio\Android_Studio3.0\jre\jre\bin\nio.dll

VM Arguments:
jvm_args: -Djava.awt.headless=true -Xmx64M -Dfile.encoding=GBK -Duser.country=CN -Duser.language=zh -Duser.variant 
java_command: com.google.devtools.build.android.desugar.Desugar --input C:\WorkSpace\RGD\Left_ship -  (16) - gradle-4.6-start\app\build\intermediates\transforms\stackFramesFixer\release\8.jar --output C:\WorkSpace\RGD\Left_ship -  (16) - gradle-4.6-start\app\build\intermediates\transforms\desugar\release\12.jar --input C:\WorkSpace\RGD\Left_ship -  (16) - gradle-4.6-start\app\build\intermediates\transforms\stackFramesFixer\release\2.jar --output C:\WorkSpace\RGD\Left_ship -  (16) - gradle-4.6-start\app\build\intermediates\transforms\desugar\release\6.jar --input C:\WorkSpace\RGD\Left_ship -  (16) - gradle-4.6-start\app\build\intermediates\transforms\stackFramesFixer\release\17.jar --output C:\WorkSpace\RGD\Left_ship -  (16) - gradle-4.6-start\app\build\intermediates\transforms\desugar\release\21.jar --input C:\WorkSpace\RGD\Left_ship -  (16) - gradle-4.6-start\exampleui2\build\intermediates\intermediate-jars\release\classes.jar --output C:\WorkSpace\RGD\Left_ship -  (16) - gradle-4.6-start\app\build\intermediates\transforms\desugar\release\0.jar --classpath_entry C:\WorkSpace\RGD\Left_ship -  (16) - gradle-4.6-start\exampleui2\build\intermediates\intermediate-jars\release\classes.jar --classpath_entry C:\WorkSpace\RGD\Left_ship -  (16) - gradle-4.6-start\chatinput\build\intermediates\intermediate-jars\release\classes.jar --classpath_entry C:\WorkSpace\RGD\Left_ship -  (16) - gradle-4.6-start\imui\build\intermediates\intermediate-jars\release\classes.jar --classpath_entry C:\WorkSpace\RGD\Left_ship -  (16) - gradle-4.6-start\app\build\intermediates\classes\release --classpath_entry C:\WorkSpace\RGD\Left_ship -  (16) - gradle-4.6-start\app\build\intermediates\transforms\stackFramesFixer\release\0.jar --classpath_entry C:\WorkSpace\RGD\Left_ship -  (16) - gradle-4.6-start\app\build\intermediates\transforms\stackFramesFixer\release\1.jar --classpath_entry C:\WorkSpace\RGD\Left_ship -  (16) - gradle-4.6-start\app\build\intermediates\transforms\stackFramesFixer\release\
java_class_path (initial): D:\TEMP\desugar_deploy.jar1486731347036584714
Launcher Type: SUN_STANDARD

Environment Variables:
JAVA_HOME=C:\Program Files\Java\jdk1.8.0_05
CLASSPATH=.;C:\Program Files\Java\jdk1.8.0_05\lib\dt.jar;C:\Program Files\Java\jdk1.8.0_05\lib\toos.jar;D:\Program Files\apache-ant-1.10.2\lib
PATH=C:\Windows\system32;C:\Windows;C:\Windows\System32\Wbem;C:\Windows\System32\WindowsPowerShell\v1.0\;C:\Program Files (x86)\Windows Kits\8.0\Windows Performance Toolkit\;C:\Program Files\Microsoft SQL Server\110\Tools\Binn\;D:\Matlab\runtime\win64;D:\Matlab\bin;D:\Matlab\polyspace\bin;C:\Program Files (x86)\NVIDIA Corporation\PhysX\Common;C:\Program Files\Microsoft SQL Server\Client SDK\ODBC\110\Tools\Binn\;C:\Program Files (x86)\Microsoft SQL Server\120\Tools\Binn\;C:\Program Files\Microsoft SQL Server\120\Tools\Binn\;C:\Program Files\Microsoft SQL Server\120\DTS\Binn\;C:\Program Files (x86)\Windows Kits\8.1\Windows Performance Toolkit\;C:\Program Files (x86)\QuickTime\QTSystem\;"C:\Program Files\Java\jdk1.8.0_05\bin;C:\Program Files\Java\jdk1.8.0_05\jre\bin;";D:\Android_Studio\SDK\platform-tools;D:\Program Files\UltraCompare;C:\WINDOWS\system32;C:\WINDOWS;C:\WINDOWS\System32\Wbem;C:\WINDOWS\System32\WindowsPowerShell\v1.0\;C:\Program Files\Java\jdk1.8.0_05\bin;D:\Android_Studio\SDK\platform-tools;D:\Program Files\apache-ant-1.10.2\bin;D:\Program Files\MySQL_Server\mysql-5.7.21-winx64\bin;D:\Program Files\Git\cmd;D:\Program Files\tortoisegit\bin;C:\Users\huoda\AppData\Local\Microsoft\WindowsApps;D:\A_Win10_Tools\;D:\Android_Studio\ANT\apache-ant-1.10.2\bin;;D:\Visual_Studio_Code\Microsoft VS Code\bin
USERNAME=huoda
OS=Windows_NT
PROCESSOR_IDENTIFIER=Intel64 Family 6 Model 158 Stepping 9, GenuineIntel



---------------  S Y S T E M  ---------------

OS: Windows 10.0 , 64 bit Build 16299 (10.0.16299.15)

CPU:total 8 (initial active 8) (4 cores per cpu, 2 threads per core) family 6 model 158 stepping 9, cmov, cx8, fxsr, mmx, sse, sse2, sse3, ssse3, sse4.1, sse4.2, popcnt, avx, avx2, aes, clmul, erms, 3dnowpref, lzcnt, ht, tsc, tscinvbit, bmi1, bmi2, adx

Memory: 4k page, physical 16663628k(1528880k free), swap 20857932k(4296k free)

vm_info: OpenJDK 64-Bit Server VM (25.152-b01) for windows-amd64 JRE (1.8.0_152-release-915-b01), built by "builder" with MS VC++ 10.0 (VS2010)

time: Sun Apr 29 19:00:47 2018
elapsed time: 2 seconds (0d 0h 0m 2s)

